#-----------------------------------------------------------
# Vivado v2023.2 (64-bit)
# SW Build 4029153 on Fri Oct 13 20:14:34 MDT 2023
# IP Build 4028589 on Sat Oct 14 00:45:43 MDT 2023
# SharedData Build 4025554 on Tue Oct 10 17:18:54 MDT 2023
# Start of session at: Mon Sep  9 11:20:19 2024
# Process ID: 23436
# Current directory: Z:/FPGA/Railway_System/Railway_System
# Command line: vivado.exe -gui_launcher_event rodinguilauncherevent15400 Z:\FPGA\Railway_System\Railway_System\hx75_key_7seg.xpr
# Log file: Z:/FPGA/Railway_System/Railway_System/vivado.log
# Journal file: Z:/FPGA/Railway_System/Railway_System\vivado.jou
# Running On: SaverZY, OS: Windows, CPU Frequency: 2419 MHz, CPU Physical cores: 24, Host memory: 68518 MB
#-----------------------------------------------------------
start_guioopen_project Z:/FPGA/Railway_System/Railway_System/hx75_key_7seg.xpr
WARNING: [Board 49-26] cannot add Board Part xilinx.com:k24c:part0:1.0 available at D:/F-FPGA/Vivado/2023.2/data/xhub/boards/XilinxBoardStore/boards/Xilinx/k24c/1.0/board.xml as part xck24-ubva530-2lv-c specified in board_part file is either invalid or not available
WARNING: [Board 49-26] cannot add Board Part xilinx.com:k24i:part0:1.0 available at D:/F-FPGA/Vivado/2023.2/data/xhub/boards/XilinxBoardStore/boards/Xilinx/k24i/1.0/board.xml as part xck24-ubva530-2lvi-i specified in board_part file is either invalid or not available
WARNING: [Board 49-26] cannot add Board Part xilinx.com:k26c:part0:1.2 available at D:/F-FPGA/Vivado/2023.2/data/xhub/boards/XilinxBoardStore/boards/Xilinx/k26c/1.2/board.xml as part xck26-sfvc784-2lv-c specified in board_part file is either invalid or not available
WARNING: [Board 49-26] cannot add Board Part xilinx.com:k26c:part0:1.3 available at D:/F-FPGA/Vivado/2023.2/data/xhub/boards/XilinxBoardStore/boards/Xilinx/k26c/1.3/board.xml as part xck26-sfvc784-2lv-c specified in board_part file is either invalid or not available
WARNING: [Board 49-26] cannot add Board Part xilinx.com:k26c:part0:1.4 available at D:/F-FPGA/Vivado/2023.2/data/xhub/boards/XilinxBoardStore/boards/Xilinx/k26c/1.4/board.xml as part xck26-sfvc784-2lv-c specified in board_part file is either invalid or not available
WARNING: [Board 49-26] cannot add Board Part xilinx.com:k26i:part0:1.2 available at D:/F-FPGA/Vivado/2023.2/data/xhub/boards/XilinxBoardStore/boards/Xilinx/k26i/1.2/board.xml as part xck26-sfvc784-2lvi-i specified in board_part file is either invalid or not available
WARNING: [Board 49-26] cannot add Board Part xilinx.com:k26i:part0:1.3 available at D:/F-FPGA/Vivado/2023.2/data/xhub/boards/XilinxBoardStore/boards/Xilinx/k26i/1.3/board.xml as part xck26-sfvc784-2lvi-i specified in board_part file is either invalid or not available
WARNING: [Board 49-26] cannot add Board Part xilinx.com:k26i:part0:1.4 available at D:/F-FPGA/Vivado/2023.2/data/xhub/boards/XilinxBoardStore/boards/Xilinx/k26i/1.4/board.xml as part xck26-sfvc784-2lvi-i specified in board_part file is either invalid or not available
WARNING: [Board 49-26] cannot add Board Part xilinx.com:kc705:part0:1.6 available at D:/F-FPGA/Vivado/2023.2/data/xhub/boards/XilinxBoardStore/boards/Xilinx/kc705/1.6/board.xml as part xc7k325tffg900-2 specified in board_part file is either invalid or not available
WARNING: [Board 49-26] cannot add Board Part xilinx.com:kcu105:part0:1.6 available at D:/F-FPGA/Vivado/2023.2/data/xhub/boards/XilinxBoardStore/boards/Xilinx/kcu105/1.6/board.xml as part xcku040-ffva1156-2-e specified in board_part file is either invalid or not available
WARNING: [Board 49-26] cannot add Board Part xilinx.com:kcu105:part0:1.7 available at D:/F-FPGA/Vivado/2023.2/data/xhub/boards/XilinxBoardStore/boards/Xilinx/kcu105/1.7/board.xml as part xcku040-ffva1156-2-e specified in board_part file is either invalid or not available
WARNING: [Board 49-26] cannot add Board Part xilinx.com:kcu116:part0:1.4 available at D:/F-FPGA/Vivado/2023.2/data/xhub/boards/XilinxBoardStore/boards/Xilinx/kcu116/1.4/board.xml as part xcku5p-ffvb676-2-e specified in board_part file is either invalid or not available
WARNING: [Board 49-26] cannot add Board Part xilinx.com:kcu116:part0:1.5 available at D:/F-FPGA/Vivado/2023.2/data/xhub/boards/XilinxBoardStore/boards/Xilinx/kcu116/1.5/board.xml as part xcku5p-ffvb676-2-e specified in board_part file is either invalid or not available
WARNING: [Board 49-26] cannot add Board Part xilinx.com:kcu1500:part0:1.2 available at D:/F-FPGA/Vivado/2023.2/data/xhub/boards/XilinxBoardStore/boards/Xilinx/kcu1500/1.2/board.xml as part xcku115-flvb2104-2-e specified in board_part file is either invalid or not available
WARNING: [Board 49-26] cannot add Board Part xilinx.com:kd240_som:part0:1.0 available at D:/F-FPGA/Vivado/2023.2/data/xhub/boards/XilinxBoardStore/boards/Xilinx/kd240_som/1.0/board.xml as part xck24-ubva530-2lv-c specified in board_part file is either invalid or not available
WARNING: [Board 49-26] cannot add Board Part xilinx.com:kr260_som:part0:1.0 available at D:/F-FPGA/Vivado/2023.2/data/xhub/boards/XilinxBoardStore/boards/Xilinx/kr260_som/1.0/board.xml as part xck26-sfvc784-2lv-c specified in board_part file is either invalid or not available
WARNING: [Board 49-26] cannot add Board Part xilinx.com:kr260_som:part0:1.1 available at D:/F-FPGA/Vivado/2023.2/data/xhub/boards/XilinxBoardStore/boards/Xilinx/kr260_som/1.1/board.xml as part xck26-sfvc784-2lv-c specified in board_part file is either invalid or not available
WARNING: [Board 49-26] cannot add Board Part xilinx.com:kv260_som:part0:1.2 available at D:/F-FPGA/Vivado/2023.2/data/xhub/boards/XilinxBoardStore/boards/Xilinx/kv260_som/1.2/board.xml as part xck26-sfvc784-2lv-c specified in board_part file is either invalid or not available
WARNING: [Board 49-26] cannot add Board Part xilinx.com:kv260_som:part0:1.3 available at D:/F-FPGA/Vivado/2023.2/data/xhub/boards/XilinxBoardStore/boards/Xilinx/kv260_som/1.3/board.xml as part xck26-sfvc784-2lv-c specified in board_part file is either invalid or not available
WARNING: [Board 49-26] cannot add Board Part xilinx.com:kv260_som:part0:1.4 available at D:/F-FPGA/Vivado/2023.2/data/xhub/boards/XilinxBoardStore/boards/Xilinx/kv260_som/1.4/board.xml as part xck26-sfvc784-2lv-c specified in board_part file is either invalid or not available
WARNING: [Board 49-26] cannot add Board Part xilinx.com:sp701:part0:1.0 available at D:/F-FPGA/Vivado/2023.2/data/xhub/boards/XilinxBoardStore/boards/Xilinx/sp701/1.0/board.xml as part xc7s100fgga676-2 specified in board_part file is either invalid or not available
WARNING: [Board 49-26] cannot add Board Part xilinx.com:sp701:part0:1.1 available at D:/F-FPGA/Vivado/2023.2/data/xhub/boards/XilinxBoardStore/boards/Xilinx/sp701/1.1/board.xml as part xc7s100fgga676-2 specified in board_part file is either invalid or not available
WARNING: [Board 49-26] cannot add Board Part xilinx.com:vc707:part0:1.4 available at D:/F-FPGA/Vivado/2023.2/data/xhub/boards/XilinxBoardStore/boards/Xilinx/vc707/1.4/board.xml as part xc7vx485tffg1761-2 specified in board_part file is either invalid or not available
WARNING: [Board 49-26] cannot add Board Part xilinx.com:vc709:part0:1.8 available at D:/F-FPGA/Vivado/2023.2/data/xhub/boards/XilinxBoardStore/boards/Xilinx/vc709/1.8/board.xml as part xc7vx690tffg1761-2 specified in board_part file is either invalid or not available
WARNING: [Board 49-26] cannot add Board Part xilinx.com:vck190:part0:2.2 available at D:/F-FPGA/Vivado/2023.2/data/xhub/boards/XilinxBoardStore/boards/Xilinx/vck190/production/2.2/board.xml as part xcvc1902-vsva2197-2mp-e-s specified in board_part file is either invalid or not available
WARNING: [Board 49-26] cannot add Board Part xilinx.com:vck190:part0:3.0 available at D:/F-FPGA/Vivado/2023.2/data/xhub/boards/XilinxBoardStore/boards/Xilinx/vck190/production/3.0/board.xml as part xcvc1902-vsva2197-2mp-e-s specified in board_part file is either invalid or not available
WARNING: [Board 49-26] cannot add Board Part xilinx.com:vck190:part0:3.1 available at D:/F-FPGA/Vivado/2023.2/data/xhub/boards/XilinxBoardStore/boards/Xilinx/vck190/production/3.1/board.xml as part xcvc1902-vsva2197-2mp-e-s specified in board_part file is either invalid or not available
WARNING: [Board 49-26] cannot add Board Part xilinx.com:vck190:part0:3.2 available at D:/F-FPGA/Vivado/2023.2/data/xhub/boards/XilinxBoardStore/boards/Xilinx/vck190/production/3.2/board.xml as part xcvc1902-vsva2197-2mp-e-s specified in board_part file is either invalid or not available
WARNING: [Board 49-26] cannot add Board Part xilinx.com:vck190_newl:part0:1.0 available at D:/F-FPGA/Vivado/2023.2/data/xhub/boards/XilinxBoardStore/boards/Xilinx/vck190_newl/production/1.0/board.xml as part xcvc1902-vsva2197-2mp-e-s specified in board_part file is either invalid or not available
WARNING: [Board 49-26] cannot add Board Part xilinx.com:vck190_newl:part0:1.1 available at D:/F-FPGA/Vivado/2023.2/data/xhub/boards/XilinxBoardStore/boards/Xilinx/vck190_newl/production/1.1/board.xml as part xcvc1902-vsva2197-2mp-e-s specified in board_part file is either invalid or not available
WARNING: [Board 49-26] cannot add Board Part xilinx.com:vcu108:part0:1.6 available at D:/F-FPGA/Vivado/2023.2/data/xhub/boards/XilinxBoardStore/boards/Xilinx/vcu108/1.6/board.xml as part xcvu095-ffva2104-2-e specified in board_part file is either invalid or not available
WARNING: [Board 49-26] cannot add Board Part xilinx.com:vcu108:part0:1.7 available at D:/F-FPGA/Vivado/2023.2/data/xhub/boards/XilinxBoardStore/boards/Xilinx/vcu108/1.7/board.xml as part xcvu095-ffva2104-2-e specified in board_part file is either invalid or not available
WARNING: [Board 49-26] cannot add Board Part xilinx.com:vcu110:part0:1.4 available at D:/F-FPGA/Vivado/2023.2/data/xhub/boards/XilinxBoardStore/boards/Xilinx/vcu110/1.4/board.xml as part xcvu190-flgc2104-2-e specified in board_part file is either invalid or not available
WARNING: [Board 49-26] cannot add Board Part xilinx.com:vcu118:part0:2.0 available at D:/F-FPGA/Vivado/2023.2/data/xhub/boards/XilinxBoardStore/boards/Xilinx/vcu118/2.0/board.xml as part xcvu9p-flga2104-2l-e specified in board_part file is either invalid or not available
WARNING: [Board 49-26] cannot add Board Part xilinx.com:vcu118:part0:2.3 available at D:/F-FPGA/Vivado/2023.2/data/xhub/boards/XilinxBoardStore/boards/Xilinx/vcu118/2.3/board.xml as part xcvu9p-flga2104-2l-e specified in board_part file is either invalid or not available
WARNING: [Board 49-26] cannot add Board Part xilinx.com:vcu118:part0:2.4 available at D:/F-FPGA/Vivado/2023.2/data/xhub/boards/XilinxBoardStore/boards/Xilinx/vcu118/2.4/board.xml as part xcvu9p-flga2104-2l-e specified in board_part file is either invalid or not available
WARNING: [Board 49-26] cannot add Board Part xilinx.com:vcu128:part0:1.0 available at D:/F-FPGA/Vivado/2023.2/data/xhub/boards/XilinxBoardStore/boards/Xilinx/vcu128/production/1.0/board.xml as part xcvu37p-fsvh2892-2l-e specified in board_part file is either invalid or not available
WARNING: [Board 49-26] cannot add Board Part xilinx.com:vcu129:part0:1.0 available at D:/F-FPGA/Vivado/2023.2/data/xhub/boards/XilinxBoardStore/boards/Xilinx/vcu129/production/1.0/board.xml as part xcvu29p-fsga2577-2l-e specified in board_part file is either invalid or not available
WARNING: [Board 49-26] cannot add Board Part xilinx.com:vcu1525:part0:1.3 available at D:/F-FPGA/Vivado/2023.2/data/xhub/boards/XilinxBoardStore/boards/Xilinx/vcu1525/1.3/board.xml as part xcvu9p-fsgd2104-2l-e specified in board_part file is either invalid or not available
WARNING: [Board 49-26] cannot add Board Part xilinx.com:vek280:part0:1.0 available at D:/F-FPGA/Vivado/2023.2/data/xhub/boards/XilinxBoardStore/boards/Xilinx/vek280/production/1.0/board.xml as part xcve2802-vsvh1760-2mp-e-s specified in board_part file is either invalid or not available
WARNING: [Board 49-26] cannot add Board Part xilinx.com:vek280_es:part0:1.0 available at D:/F-FPGA/Vivado/2023.2/data/xhub/boards/XilinxBoardStore/boards/Xilinx/vek280/es/rev_a/1.0/board.xml as part xcve2802-vsvh1760-2lp-e-s-es1 specified in board_part file is either invalid or not available
WARNING: [Board 49-26] cannot add Board Part xilinx.com:vek280_es:part0:1.1 available at D:/F-FPGA/Vivado/2023.2/data/xhub/boards/XilinxBoardStore/boards/Xilinx/vek280/es/rev_a/1.1/board.xml as part xcve2802-vsvh1760-2lp-e-s-es1 specified in board_part file is either invalid or not available
WARNING: [Board 49-26] cannot add Board Part xilinx.com:vek280_es_revb:part0:1.0 available at D:/F-FPGA/Vivado/2023.2/data/xhub/boards/XilinxBoardStore/boards/Xilinx/vek280/es/rev_b/1.0/board.xml as part xcve2802-vsvh1760-2mp-e-s-es1 specified in board_part file is either invalid or not available
WARNING: [Board 49-26] cannot add Board Part xilinx.com:vek280_es_revb:part0:1.1 available at D:/F-FPGA/Vivado/2023.2/data/xhub/boards/XilinxBoardStore/boards/Xilinx/vek280/es/rev_b/1.1/board.xml as part xcve2802-vsvh1760-2mp-e-s-es1 specified in board_part file is either invalid or not available
WARNING: [Board 49-26] cannot add Board Part xilinx.com:vermeo_t1_mpsoc:part0:1.0 available at D:/F-FPGA/Vivado/2023.2/data/xhub/boards/XilinxBoardStore/boards/Xilinx/vermeo_t1_mpsoc/1.0/board.xml as part xczu19eg-ffvd1760-2l-e specified in board_part file is either invalid or not available
WARNING: [Board 49-26] cannot add Board Part xilinx.com:vermeo_t1_rfsoc:part0:1.0 available at D:/F-FPGA/Vivado/2023.2/data/xhub/boards/XilinxBoardStore/boards/Xilinx/vermeo_t1_rfsoc/1.0/board.xml as part xczu21dr-ffvd1156-2l-e specified in board_part file is either invalid or not available
WARNING: [Board 49-26] cannot add Board Part xilinx.com:vhk158:part0:1.0 available at D:/F-FPGA/Vivado/2023.2/data/xhub/boards/XilinxBoardStore/boards/Xilinx/vhk158/production/1.0/board.xml as part xcvh1582-vsva3697-2mp-e-s specified in board_part file is either invalid or not available
WARNING: [Board 49-26] cannot add Board Part xilinx.com:vhk158:part0:1.1 available at D:/F-FPGA/Vivado/2023.2/data/xhub/boards/XilinxBoardStore/boards/Xilinx/vhk158/production/1.1/board.xml as part xcvh1582-vsva3697-2mp-e-s specified in board_part file is either invalid or not available
WARNING: [Board 49-26] cannot add Board Part xilinx.com:vhk158_es:part0:1.0 available at D:/F-FPGA/Vivado/2023.2/data/xhub/boards/XilinxBoardStore/boards/Xilinx/vhk158/es/1.0/board.xml as part xcvh1582-vsva3697-2mp-e-s-es1 specified in board_part file is either invalid or not available
WARNING: [Board 49-26] cannot add Board Part xilinx.com:vhk158_es:part0:1.1 available at D:/F-FPGA/Vivado/2023.2/data/xhub/boards/XilinxBoardStore/boards/Xilinx/vhk158/es/1.1/board.xml as part xcvh1582-vsva3697-2mp-e-s-es1 specified in board_part file is either invalid or not available
WARNING: [Board 49-26] cannot add Board Part xilinx.com:vmk180:part0:2.2 available at D:/F-FPGA/Vivado/2023.2/data/xhub/boards/XilinxBoardStore/boards/Xilinx/vmk180/production/2.2/board.xml as part xcvm1802-vsva2197-2mp-e-s specified in board_part file is either invalid or not available
WARNING: [Board 49-26] cannot add Board Part xilinx.com:vmk180:part0:3.0 available at D:/F-FPGA/Vivado/2023.2/data/xhub/boards/XilinxBoardStore/boards/Xilinx/vmk180/production/3.0/board.xml as part xcvm1802-vsva2197-2mp-e-s specified in board_part file is either invalid or not available
WARNING: [Board 49-26] cannot add Board Part xilinx.com:vmk180:part0:3.1 available at D:/F-FPGA/Vivado/2023.2/data/xhub/boards/XilinxBoardStore/boards/Xilinx/vmk180/production/3.1/board.xml as part xcvm1802-vsva2197-2mp-e-s specified in board_part file is either invalid or not available
WARNING: [Board 49-26] cannot add Board Part xilinx.com:vmk180:part0:3.2 available at D:/F-FPGA/Vivado/2023.2/data/xhub/boards/XilinxBoardStore/boards/Xilinx/vmk180/production/3.2/board.xml as part xcvm1802-vsva2197-2mp-e-s specified in board_part file is either invalid or not available
WARNING: [Board 49-26] cannot add Board Part xilinx.com:vmk180_newl:part0:1.0 available at D:/F-FPGA/Vivado/2023.2/data/xhub/boards/XilinxBoardStore/boards/Xilinx/vmk180_newl/production/1.0/board.xml as part xcvm1802-vsva2197-2mp-e-s specified in board_part file is either invalid or not available
WARNING: [Board 49-26] cannot add Board Part xilinx.com:vmk180_newl:part0:1.1 available at D:/F-FPGA/Vivado/2023.2/data/xhub/boards/XilinxBoardStore/boards/Xilinx/vmk180_newl/production/1.1/board.xml as part xcvm1802-vsva2197-2mp-e-s specified in board_part file is either invalid or not available
WARNING: [Board 49-26] cannot add Board Part xilinx.com:vpk120:part0:1.0 available at D:/F-FPGA/Vivado/2023.2/data/xhub/boards/XilinxBoardStore/boards/Xilinx/vpk120/production/1.0/board.xml as part xcvp1202-vsva2785-2mp-e-s specified in board_part file is either invalid or not available
WARNING: [Board 49-26] cannot add Board Part xilinx.com:vpk120:part0:1.1 available at D:/F-FPGA/Vivado/2023.2/data/xhub/boards/XilinxBoardStore/boards/Xilinx/vpk120/production/1.1/board.xml as part xcvp1202-vsva2785-2mp-e-s specified in board_part file is either invalid or not available
WARNING: [Board 49-26] cannot add Board Part xilinx.com:vpk120:part0:1.2 available at D:/F-FPGA/Vivado/2023.2/data/xhub/boards/XilinxBoardStore/boards/Xilinx/vpk120/production/1.2/board.xml as part xcvp1202-vsva2785-2mp-e-s specified in board_part file is either invalid or not available
WARNING: [Board 49-26] cannot add Board Part xilinx.com:vpk180:part0:1.0 available at D:/F-FPGA/Vivado/2023.2/data/xhub/boards/XilinxBoardStore/boards/Xilinx/vpk180/production/1.0/board.xml as part xcvp1802-lsvc4072-2mp-e-s specified in board_part file is either invalid or not available
WARNING: [Board 49-26] cannot add Board Part xilinx.com:vpk180:part0:1.1 available at D:/F-FPGA/Vivado/2023.2/data/xhub/boards/XilinxBoardStore/boards/Xilinx/vpk180/production/1.1/board.xml as part xcvp1802-lsvc4072-2mp-e-s specified in board_part file is either invalid or not available
WARNING: [Board 49-26] cannot add Board Part xilinx.com:zc706:part0:1.4 available at D:/F-FPGA/Vivado/2023.2/data/xhub/boards/XilinxBoardStore/boards/Xilinx/zc706/1.4/board.xml as part xc7z045ffg900-2 specified in board_part file is either invalid or not available
WARNING: [Board 49-26] cannot add Board Part xilinx.com:zcu102:part0:3.3 available at D:/F-FPGA/Vivado/2023.2/data/xhub/boards/XilinxBoardStore/boards/Xilinx/zcu102/3.3/board.xml as part xczu9eg-ffvb1156-2-e specified in board_part file is either invalid or not available
WARNING: [Board 49-26] cannot add Board Part xilinx.com:zcu102:part0:3.4 available at D:/F-FPGA/Vivado/2023.2/data/xhub/boards/XilinxBoardStore/boards/Xilinx/zcu102/3.4/board.xml as part xczu9eg-ffvb1156-2-e specified in board_part file is either invalid or not available
WARNING: [Board 49-26] cannot add Board Part xilinx.com:zcu104:part0:1.1 available at D:/F-FPGA/Vivado/2023.2/data/xhub/boards/XilinxBoardStore/boards/Xilinx/zcu104/1.1/board.xml as part xczu7ev-ffvc1156-2-e specified in board_part file is either invalid or not available
WARNING: [Board 49-26] cannot add Board Part xilinx.com:zcu106:part0:2.4 available at D:/F-FPGA/Vivado/2023.2/data/xhub/boards/XilinxBoardStore/boards/Xilinx/zcu106/2.4/board.xml as part xczu7ev-ffvc1156-2-e specified in board_part file is either invalid or not available
WARNING: [Board 49-26] cannot add Board Part xilinx.com:zcu106:part0:2.5 available at D:/F-FPGA/Vivado/2023.2/data/xhub/boards/XilinxBoardStore/boards/Xilinx/zcu106/2.5/board.xml as part xczu7ev-ffvc1156-2-e specified in board_part file is either invalid or not available
WARNING: [Board 49-26] cannot add Board Part xilinx.com:zcu106:part0:2.6 available at D:/F-FPGA/Vivado/2023.2/data/xhub/boards/XilinxBoardStore/boards/Xilinx/zcu106/2.6/board.xml as part xczu7ev-ffvc1156-2-e specified in board_part file is either invalid or not available
WARNING: [Board 49-26] cannot add Board Part xilinx.com:zcu111:part0:1.2 available at D:/F-FPGA/Vivado/2023.2/data/xhub/boards/XilinxBoardStore/boards/Xilinx/zcu111/1.2/board.xml as part xczu28dr-ffvg1517-2-e specified in board_part file is either invalid or not available
WARNING: [Board 49-26] cannot add Board Part xilinx.com:zcu111:part0:1.3 available at D:/F-FPGA/Vivado/2023.2/data/xhub/boards/XilinxBoardStore/boards/Xilinx/zcu111/1.3/board.xml as part xczu28dr-ffvg1517-2-e specified in board_part file is either invalid or not available
WARNING: [Board 49-26] cannot add Board Part xilinx.com:zcu111:part0:1.4 available at D:/F-FPGA/Vivado/2023.2/data/xhub/boards/XilinxBoardStore/boards/Xilinx/zcu111/1.4/board.xml as part xczu28dr-ffvg1517-2-e specified in board_part file is either invalid or not available
WARNING: [Board 49-26] cannot add Board Part xilinx.com:zcu1275:part0:1.0 available at D:/F-FPGA/Vivado/2023.2/data/xhub/boards/XilinxBoardStore/boards/Xilinx/zcu1275/1.0/board.xml as part xczu29dr-ffvf1760-2-e specified in board_part file is either invalid or not available
WARNING: [Board 49-26] cannot add Board Part xilinx.com:zcu1285:part0:1.0 available at D:/F-FPGA/Vivado/2023.2/data/xhub/boards/XilinxBoardStore/boards/Xilinx/zcu1285/1.0/board.xml as part xczu39dr-ffvf1760-2-i specified in board_part file is either invalid or not available
WARNING: [Board 49-26] cannot add Board Part xilinx.com:zcu208:part0:2.0 available at D:/F-FPGA/Vivado/2023.2/data/xhub/boards/XilinxBoardStore/boards/Xilinx/zcu208/production/2.0/board.xml as part xczu48dr-fsvg1517-2-e specified in board_part file is either invalid or not available
WARNING: [Board 49-26] cannot add Board Part xilinx.com:zcu208ld:part0:2.0 available at D:/F-FPGA/Vivado/2023.2/data/xhub/boards/XilinxBoardStore/boards/Xilinx/zcu208ld/production/2.0/board.xml as part xczu58dr-fsvg1517-2-i specified in board_part file is either invalid or not available
WARNING: [Board 49-26] cannot add Board Part xilinx.com:zcu216:part0:2.0 available at D:/F-FPGA/Vivado/2023.2/data/xhub/boards/XilinxBoardStore/boards/Xilinx/zcu216/production/2.0/board.xml as part xczu49dr-ffvf1760-2-e specified in board_part file is either invalid or not available
WARNING: [Board 49-26] cannot add Board Part xilinx.com:zcu216ld:part0:2.0 available at D:/F-FPGA/Vivado/2023.2/data/xhub/boards/XilinxBoardStore/boards/Xilinx/zcu216ld/production/2.0/board.xml as part xczu59dr-ffvf1760-2-i specified in board_part file is either invalid or not available
WARNING: [Board 49-26] cannot add Board Part xilinx.com:zcu670:part0:2.0 available at D:/F-FPGA/Vivado/2023.2/data/xhub/boards/XilinxBoardStore/boards/Xilinx/zcu670/2.0/board.xml as part xczu67dr-fsve1156-2-i specified in board_part file is either invalid or not available
WARNING: [Board 49-26] cannot add Board Part xilinx.com:zcu670ld:part0:1.0 available at D:/F-FPGA/Vivado/2023.2/data/xhub/boards/XilinxBoardStore/boards/Xilinx/zcu670ld/1.0/board.xml as part xczu57dr-fsve1156-2-i specified in board_part file is either invalid or not available
INFO: [Project 1-313] Project file moved from 'C:/Users/86182/Desktop/hx75_key_7seg' since last save.
INFO: [filemgmt 56-3] Default IP Output Path : Could not find the directory 'Z:/FPGA/Railway_System/Railway_System/hx75_key_7seg.gen/sources_1'.
WARNING: [filemgmt 56-3] IPUserFilesDir: Could not find the directory 'Z:/FPGA/Railway_System/Railway_System/hx75_key_7seg.ip_user_files'.
Scanning sources...
Finished scanning sources
INFO: [IP_Flow 19-234] Refreshing IP repositories
INFO: [IP_Flow 19-1704] No user IP repositories specified
INFO: [IP_Flow 19-2313] Loaded Vivado IP repository 'D:/F-FPGA/Vivado/2023.2/data/ip'.
open_project: Time (s): cpu = 00:00:05 ; elapsed = 00:00:07 . Memory (MB): peak = 1852.008 ; gain = 306.914
update_compile_order -fileset sources_1WARNING: [filemgmt 56-199] Attempt to get parsing info during refresh. "On-the-fly" syntax checking information may be incorrect. [Z:\FPGA\Railway_System\Railway_System\hx75_key_7seg.srcs\sources_1\imports\sources_1\new\key_7seg.v:]
WARNING: [filemgmt 56-199] Attempt to get parsing info during refresh. "On-the-fly" syntax checking information may be incorrect. [Z:\FPGA\Railway_System\Railway_System\hx75_key_7seg.srcs\sources_1\imports\sources_1\imports\IDES\key44_scan.v:]
WARNING: [filemgmt 56-199] Attempt to get parsing info during refresh. "On-the-fly" syntax checking information may be incorrect. [Z:\FPGA\Railway_System\Railway_System\hx75_key_7seg.srcs\sources_1\new\hx75_hex_7seg.v:]
WARNING: [filemgmt 56-199] Attempt to get parsing info during refresh. "On-the-fly" syntax checking information may be incorrect. [Z:\FPGA\Railway_System\Railway_System\hx75_key_7seg.srcs\sources_1\imports\sources_1\new\key_7seg.v:]
WARNING: [filemgmt 56-199] Attempt to get parsing info during refresh. "On-the-fly" syntax checking information may be incorrect. [Z:\FPGA\Railway_System\Railway_System\hx75_key_7seg.srcs\sources_1\imports\sources_1\imports\IDES\key44_scan.v:]
WARNING: [filemgmt 56-199] Attempt to get parsing info during refresh. "On-the-fly" syntax checking information may be incorrect. [Z:\FPGA\Railway_System\Railway_System\hx75_key_7seg.srcs\sources_1\new\hx75_hex_7seg.v:]
WARNING: [filemgmt 56-199] Attempt to get parsing info during refresh. "On-the-fly" syntax checking information may be incorrect. [Z:\FPGA\Railway_System\Railway_System\hx75_key_7seg.srcs\sources_1\imports\sources_1\new\key_7seg.v:]
WARNING: [filemgmt 56-199] Attempt to get parsing info during refresh. "On-the-fly" syntax checking information may be incorrect. [Z:\FPGA\Railway_System\Railway_System\hx75_key_7seg.srcs\sources_1\imports\sources_1\imports\IDES\key44_scan.v:]
WARNING: [filemgmt 56-199] Attempt to get parsing info during refresh. "On-the-fly" syntax checking information may be incorrect. [Z:\FPGA\Railway_System\Railway_System\hx75_key_7seg.srcs\sources_1\new\hx75_hex_7seg.v:]
WARNING: [filemgmt 56-199] Attempt to get parsing info during refresh. "On-the-fly" syntax checking information may be incorrect. [Z:\FPGA\Railway_System\Railway_System\hx75_key_7seg.srcs\sources_1\imports\sources_1\new\key_7seg.v:]
WARNING: [filemgmt 56-199] Attempt to get parsing info during refresh. "On-the-fly" syntax checking information may be incorrect. [Z:\FPGA\Railway_System\Railway_System\hx75_key_7seg.srcs\sources_1\imports\sources_1\imports\IDES\key44_scan.v:]
WARNING: [filemgmt 56-199] Attempt to get parsing info during refresh. "On-the-fly" syntax checking information may be incorrect. [Z:\FPGA\Railway_System\Railway_System\hx75_key_7seg.srcs\sources_1\new\hx75_hex_7seg.v:]
WARNING: [filemgmt 56-199] Attempt to get parsing info during refresh. "On-the-fly" syntax checking information may be incorrect. [Z:\FPGA\Railway_System\Railway_System\hx75_key_7seg.srcs\sources_1\imports\sources_1\new\key_7seg.v:]
WARNING: [filemgmt 56-199] Attempt to get parsing info during refresh. "On-the-fly" syntax checking information may be incorrect. [Z:\FPGA\Railway_System\Railway_System\hx75_key_7seg.srcs\sources_1\imports\sources_1\imports\IDES\key44_scan.v:]
WARNING: [filemgmt 56-199] Attempt to get parsing info during refresh. "On-the-fly" syntax checking information may be incorrect. [Z:\FPGA\Railway_System\Railway_System\hx75_key_7seg.srcs\sources_1\new\hx75_hex_7seg.v:]
ERROR: [Common 17-180] Spawn failed: No error
WARNING: [filemgmt 56-199] Attempt to get parsing info during refresh. "On-the-fly" syntax checking information may be incorrect. [Z:\FPGA\Railway_System\Railway_System\hx75_key_7seg.srcs\sources_1\imports\sources_1\new\key_7seg.v:]
WARNING: [filemgmt 56-199] Attempt to get parsing info during refresh. "On-the-fly" syntax checking information may be incorrect. [Z:\FPGA\Railway_System\Railway_System\hx75_key_7seg.srcs\sources_1\imports\sources_1\imports\IDES\key44_scan.v:]
WARNING: [filemgmt 56-199] Attempt to get parsing info during refresh. "On-the-fly" syntax checking information may be incorrect. [Z:\FPGA\Railway_System\Railway_System\hx75_key_7seg.srcs\sources_1\new\hx75_hex_7seg.v:]
WARNING: [filemgmt 56-199] Attempt to get parsing info during refresh. "On-the-fly" syntax checking information may be incorrect. [Z:\FPGA\Railway_System\Railway_System\hx75_key_7seg.srcs\sources_1\imports\sources_1\new\key_7seg.v:]
WARNING: [filemgmt 56-199] Attempt to get parsing info during refresh. "On-the-fly" syntax checking information may be incorrect. [Z:\FPGA\Railway_System\Railway_System\hx75_key_7seg.srcs\sources_1\imports\sources_1\imports\IDES\key44_scan.v:]
WARNING: [filemgmt 56-199] Attempt to get parsing info during refresh. "On-the-fly" syntax checking information may be incorrect. [Z:\FPGA\Railway_System\Railway_System\hx75_key_7seg.srcs\sources_1\new\hx75_hex_7seg.v:]
WARNING: [filemgmt 56-199] Attempt to get parsing info during refresh. "On-the-fly" syntax checking information may be incorrect. [Z:\FPGA\Railway_System\Railway_System\hx75_key_7seg.srcs\sources_1\imports\sources_1\new\key_7seg.v:]
WARNING: [filemgmt 56-199] Attempt to get parsing info during refresh. "On-the-fly" syntax checking information may be incorrect. [Z:\FPGA\Railway_System\Railway_System\hx75_key_7seg.srcs\sources_1\imports\sources_1\imports\IDES\key44_scan.v:]
WARNING: [filemgmt 56-199] Attempt to get parsing info during refresh. "On-the-fly" syntax checking information may be incorrect. [Z:\FPGA\Railway_System\Railway_System\hx75_key_7seg.srcs\sources_1\new\hx75_hex_7seg.v:]
WARNING: [filemgmt 56-199] Attempt to get parsing info during refresh. "On-the-fly" syntax checking information may be incorrect. [Z:\FPGA\Railway_System\Railway_System\hx75_key_7seg.srcs\sources_1\imports\sources_1\new\key_7seg.v:]
WARNING: [filemgmt 56-199] Attempt to get parsing info during refresh. "On-the-fly" syntax checking information may be incorrect. [Z:\FPGA\Railway_System\Railway_System\hx75_key_7seg.srcs\sources_1\imports\sources_1\imports\IDES\key44_scan.v:]
WARNING: [filemgmt 56-199] Attempt to get parsing info during refresh. "On-the-fly" syntax checking information may be incorrect. [Z:\FPGA\Railway_System\Railway_System\hx75_key_7seg.srcs\sources_1\new\hx75_hex_7seg.v:]
WARNING: [filemgmt 56-199] Attempt to get parsing info during refresh. "On-the-fly" syntax checking information may be incorrect. [Z:\FPGA\Railway_System\Railway_System\hx75_key_7seg.srcs\sources_1\imports\sources_1\new\key_7seg.v:]
WARNING: [filemgmt 56-199] Attempt to get parsing info during refresh. "On-the-fly" syntax checking information may be incorrect. [Z:\FPGA\Railway_System\Railway_System\hx75_key_7seg.srcs\sources_1\imports\sources_1\imports\IDES\key44_scan.v:]
WARNING: [filemgmt 56-199] Attempt to get parsing info during refresh. "On-the-fly" syntax checking information may be incorrect. [Z:\FPGA\Railway_System\Railway_System\hx75_key_7seg.srcs\sources_1\new\hx75_hex_7seg.v:]
WARNING: [filemgmt 56-199] Attempt to get parsing info during refresh. "On-the-fly" syntax checking information may be incorrect. [Z:\FPGA\Railway_System\Railway_System\hx75_key_7seg.srcs\sources_1\imports\sources_1\new\key_7seg.v:]
WARNING: [filemgmt 56-199] Attempt to get parsing info during refresh. "On-the-fly" syntax checking information may be incorrect. [Z:\FPGA\Railway_System\Railway_System\hx75_key_7seg.srcs\sources_1\imports\sources_1\imports\IDES\key44_scan.v:]
WARNING: [filemgmt 56-199] Attempt to get parsing info during refresh. "On-the-fly" syntax checking information may be incorrect. [Z:\FPGA\Railway_System\Railway_System\hx75_key_7seg.srcs\sources_1\new\hx75_hex_7seg.v:]
WARNING: [filemgmt 56-199] Attempt to get parsing info during refresh. "On-the-fly" syntax checking information may be incorrect. [Z:\FPGA\Railway_System\Railway_System\hx75_key_7seg.srcs\sources_1\imports\sources_1\new\key_7seg.v:]
WARNING: [filemgmt 56-199] Attempt to get parsing info during refresh. "On-the-fly" syntax checking information may be incorrect. [Z:\FPGA\Railway_System\Railway_System\hx75_key_7seg.srcs\sources_1\imports\sources_1\imports\IDES\key44_scan.v:]
WARNING: [filemgmt 56-199] Attempt to get parsing info during refresh. "On-the-fly" syntax checking information may be incorrect. [Z:\FPGA\Railway_System\Railway_System\hx75_key_7seg.srcs\sources_1\new\hx75_hex_7seg.v:]
ERROR: [Common 17-180] Spawn failed: No error
WARNING: [filemgmt 56-199] Attempt to get parsing info during refresh. "On-the-fly" syntax checking information may be incorrect. [Z:\FPGA\Railway_System\Railway_System\hx75_key_7seg.srcs\sources_1\imports\sources_1\new\key_7seg.v:]
WARNING: [filemgmt 56-199] Attempt to get parsing info during refresh. "On-the-fly" syntax checking information may be incorrect. [Z:\FPGA\Railway_System\Railway_System\hx75_key_7seg.srcs\sources_1\imports\sources_1\imports\IDES\key44_scan.v:]
WARNING: [filemgmt 56-199] Attempt to get parsing info during refresh. "On-the-fly" syntax checking information may be incorrect. [Z:\FPGA\Railway_System\Railway_System\hx75_key_7seg.srcs\sources_1\new\hx75_hex_7seg.v:]
WARNING: [filemgmt 56-199] Attempt to get parsing info during refresh. "On-the-fly" syntax checking information may be incorrect. [Z:\FPGA\Railway_System\Railway_System\hx75_key_7seg.srcs\sources_1\imports\sources_1\new\key_7seg.v:]
WARNING: [filemgmt 56-199] Attempt to get parsing info during refresh. "On-the-fly" syntax checking information may be incorrect. [Z:\FPGA\Railway_System\Railway_System\hx75_key_7seg.srcs\sources_1\imports\sources_1\imports\IDES\key44_scan.v:]
WARNING: [filemgmt 56-199] Attempt to get parsing info during refresh. "On-the-fly" syntax checking information may be incorrect. [Z:\FPGA\Railway_System\Railway_System\hx75_key_7seg.srcs\sources_1\new\hx75_hex_7seg.v:]
WARNING: [filemgmt 56-199] Attempt to get parsing info during refresh. "On-the-fly" syntax checking information may be incorrect. [Z:\FPGA\Railway_System\Railway_System\hx75_key_7seg.srcs\sources_1\imports\sources_1\new\key_7seg.v:]
WARNING: [filemgmt 56-199] Attempt to get parsing info during refresh. "On-the-fly" syntax checking information may be incorrect. [Z:\FPGA\Railway_System\Railway_System\hx75_key_7seg.srcs\sources_1\imports\sources_1\imports\IDES\key44_scan.v:]
WARNING: [filemgmt 56-199] Attempt to get parsing info during refresh. "On-the-fly" syntax checking information may be incorrect. [Z:\FPGA\Railway_System\Railway_System\hx75_key_7seg.srcs\sources_1\new\hx75_hex_7seg.v:]
WARNING: [filemgmt 56-199] Attempt to get parsing info during refresh. "On-the-fly" syntax checking information may be incorrect. [Z:\FPGA\Railway_System\Railway_System\hx75_key_7seg.srcs\sources_1\imports\sources_1\new\key_7seg.v:]
WARNING: [filemgmt 56-199] Attempt to get parsing info during refresh. "On-the-fly" syntax checking information may be incorrect. [Z:\FPGA\Railway_System\Railway_System\hx75_key_7seg.srcs\sources_1\imports\sources_1\imports\IDES\key44_scan.v:]
WARNING: [filemgmt 56-199] Attempt to get parsing info during refresh. "On-the-fly" syntax checking information may be incorrect. [Z:\FPGA\Railway_System\Railway_System\hx75_key_7seg.srcs\sources_1\new\hx75_hex_7seg.v:]
WARNING: [filemgmt 56-199] Attempt to get parsing info during refresh. "On-the-fly" syntax checking information may be incorrect. [Z:\FPGA\Railway_System\Railway_System\hx75_key_7seg.srcs\sources_1\imports\sources_1\new\key_7seg.v:]
WARNING: [filemgmt 56-199] Attempt to get parsing info during refresh. "On-the-fly" syntax checking information may be incorrect. [Z:\FPGA\Railway_System\Railway_System\hx75_key_7seg.srcs\sources_1\imports\sources_1\imports\IDES\key44_scan.v:]
WARNING: [filemgmt 56-199] Attempt to get parsing info during refresh. "On-the-fly" syntax checking information may be incorrect. [Z:\FPGA\Railway_System\Railway_System\hx75_key_7seg.srcs\sources_1\new\hx75_hex_7seg.v:]
WARNING: [filemgmt 56-199] Attempt to get parsing info during refresh. "On-the-fly" syntax checking information may be incorrect. [Z:\FPGA\Railway_System\Railway_System\hx75_key_7seg.srcs\sources_1\imports\sources_1\new\key_7seg.v:]
WARNING: [filemgmt 56-199] Attempt to get parsing info during refresh. "On-the-fly" syntax checking information may be incorrect. [Z:\FPGA\Railway_System\Railway_System\hx75_key_7seg.srcs\sources_1\imports\sources_1\imports\IDES\key44_scan.v:]
WARNING: [filemgmt 56-199] Attempt to get parsing info during refresh. "On-the-fly" syntax checking information may be incorrect. [Z:\FPGA\Railway_System\Railway_System\hx75_key_7seg.srcs\sources_1\new\hx75_hex_7seg.v:]
WARNING: [filemgmt 56-199] Attempt to get parsing info during refresh. "On-the-fly" syntax checking information may be incorrect. [Z:\FPGA\Railway_System\Railway_System\hx75_key_7seg.srcs\sources_1\imports\sources_1\new\key_7seg.v:]
WARNING: [filemgmt 56-199] Attempt to get parsing info during refresh. "On-the-fly" syntax checking information may be incorrect. [Z:\FPGA\Railway_System\Railway_System\hx75_key_7seg.srcs\sources_1\imports\sources_1\imports\IDES\key44_scan.v:]
WARNING: [filemgmt 56-199] Attempt to get parsing info during refresh. "On-the-fly" syntax checking information may be incorrect. [Z:\FPGA\Railway_System\Railway_System\hx75_key_7seg.srcs\sources_1\new\hx75_hex_7seg.v:]
WARNING: [filemgmt 56-199] Attempt to get parsing info during refresh. "On-the-fly" syntax checking information may be incorrect. [Z:\FPGA\Railway_System\Railway_System\hx75_key_7seg.srcs\sources_1\imports\sources_1\new\key_7seg.v:]
WARNING: [filemgmt 56-199] Attempt to get parsing info during refresh. "On-the-fly" syntax checking information may be incorrect. [Z:\FPGA\Railway_System\Railway_System\hx75_key_7seg.srcs\sources_1\imports\sources_1\imports\IDES\key44_scan.v:]
WARNING: [filemgmt 56-199] Attempt to get parsing info during refresh. "On-the-fly" syntax checking information may be incorrect. [Z:\FPGA\Railway_System\Railway_System\hx75_key_7seg.srcs\sources_1\new\hx75_hex_7seg.v:]
WARNING: [filemgmt 56-199] Attempt to get parsing info during refresh. "On-the-fly" syntax checking information may be incorrect. [Z:\FPGA\Railway_System\Railway_System\hx75_key_7seg.srcs\sources_1\imports\sources_1\new\key_7seg.v:]
WARNING: [filemgmt 56-199] Attempt to get parsing info during refresh. "On-the-fly" syntax checking information may be incorrect. [Z:\FPGA\Railway_System\Railway_System\hx75_key_7seg.srcs\sources_1\imports\sources_1\imports\IDES\key44_scan.v:]
WARNING: [filemgmt 56-199] Attempt to get parsing info during refresh. "On-the-fly" syntax checking information may be incorrect. [Z:\FPGA\Railway_System\Railway_System\hx75_key_7seg.srcs\sources_1\new\hx75_hex_7seg.v:]
WARNING: [filemgmt 56-199] Attempt to get parsing info during refresh. "On-the-fly" syntax checking information may be incorrect. [Z:\FPGA\Railway_System\Railway_System\hx75_key_7seg.srcs\sources_1\imports\sources_1\new\key_7seg.v:]
WARNING: [filemgmt 56-199] Attempt to get parsing info during refresh. "On-the-fly" syntax checking information may be incorrect. [Z:\FPGA\Railway_System\Railway_System\hx75_key_7seg.srcs\sources_1\imports\sources_1\imports\IDES\key44_scan.v:]
WARNING: [filemgmt 56-199] Attempt to get parsing info during refresh. "On-the-fly" syntax checking information may be incorrect. [Z:\FPGA\Railway_System\Railway_System\hx75_key_7seg.srcs\sources_1\new\hx75_hex_7seg.v:]
WARNING: [filemgmt 56-199] Attempt to get parsing info during refresh. "On-the-fly" syntax checking information may be incorrect. [Z:\FPGA\Railway_System\Railway_System\hx75_key_7seg.srcs\sources_1\imports\sources_1\new\key_7seg.v:]
WARNING: [filemgmt 56-199] Attempt to get parsing info during refresh. "On-the-fly" syntax checking information may be incorrect. [Z:\FPGA\Railway_System\Railway_System\hx75_key_7seg.srcs\sources_1\imports\sources_1\imports\IDES\key44_scan.v:]
WARNING: [filemgmt 56-199] Attempt to get parsing info during refresh. "On-the-fly" syntax checking information may be incorrect. [Z:\FPGA\Railway_System\Railway_System\hx75_key_7seg.srcs\sources_1\new\hx75_hex_7seg.v:]
WARNING: [filemgmt 56-199] Attempt to get parsing info during refresh. "On-the-fly" syntax checking information may be incorrect. [Z:\FPGA\Railway_System\Railway_System\hx75_key_7seg.srcs\sources_1\imports\sources_1\imports\IDES\key44_scan.v:]
WARNING: [filemgmt 56-199] Attempt to get parsing info during refresh. "On-the-fly" syntax checking information may be incorrect. [Z:\FPGA\Railway_System\Railway_System\hx75_key_7seg.srcs\sources_1\new\hx75_hex_7seg.v:]
ERROR: [Common 17-180] Spawn failed: No error
WARNING: [filemgmt 56-199] Attempt to get parsing info during refresh. "On-the-fly" syntax checking information may be incorrect. [Z:\FPGA\Railway_System\Railway_System\hx75_key_7seg.srcs\sources_1\imports\sources_1\new\key_7seg.v:]
WARNING: [filemgmt 56-199] Attempt to get parsing info during refresh. "On-the-fly" syntax checking information may be incorrect. [Z:\FPGA\Railway_System\Railway_System\hx75_key_7seg.srcs\sources_1\imports\sources_1\imports\IDES\key44_scan.v:]
WARNING: [filemgmt 56-199] Attempt to get parsing info during refresh. "On-the-fly" syntax checking information may be incorrect. [Z:\FPGA\Railway_System\Railway_System\hx75_key_7seg.srcs\sources_1\new\hx75_hex_7seg.v:]
WARNING: [filemgmt 56-199] Attempt to get parsing info during refresh. "On-the-fly" syntax checking information may be incorrect. [Z:\FPGA\Railway_System\Railway_System\hx75_key_7seg.srcs\sources_1\imports\sources_1\new\key_7seg.v:]
WARNING: [filemgmt 56-199] Attempt to get parsing info during refresh. "On-the-fly" syntax checking information may be incorrect. [Z:\FPGA\Railway_System\Railway_System\hx75_key_7seg.srcs\sources_1\imports\sources_1\imports\IDES\key44_scan.v:]
WARNING: [filemgmt 56-199] Attempt to get parsing info during refresh. "On-the-fly" syntax checking information may be incorrect. [Z:\FPGA\Railway_System\Railway_System\hx75_key_7seg.srcs\sources_1\new\hx75_hex_7seg.v:]
WARNING: [filemgmt 56-199] Attempt to get parsing info during refresh. "On-the-fly" syntax checking information may be incorrect. [Z:\FPGA\Railway_System\Railway_System\hx75_key_7seg.srcs\sources_1\imports\sources_1\new\key_7seg.v:]
WARNING: [filemgmt 56-199] Attempt to get parsing info during refresh. "On-the-fly" syntax checking information may be incorrect. [Z:\FPGA\Railway_System\Railway_System\hx75_key_7seg.srcs\sources_1\imports\sources_1\imports\IDES\key44_scan.v:]
WARNING: [filemgmt 56-199] Attempt to get parsing info during refresh. "On-the-fly" syntax checking information may be incorrect. [Z:\FPGA\Railway_System\Railway_System\hx75_key_7seg.srcs\sources_1\new\hx75_hex_7seg.v:]
WARNING: [filemgmt 56-199] Attempt to get parsing info during refresh. "On-the-fly" syntax checking information may be incorrect. [Z:\FPGA\Railway_System\Railway_System\hx75_key_7seg.srcs\sources_1\imports\sources_1\new\key_7seg.v:]
WARNING: [filemgmt 56-199] Attempt to get parsing info during refresh. "On-the-fly" syntax checking information may be incorrect. [Z:\FPGA\Railway_System\Railway_System\hx75_key_7seg.srcs\sources_1\imports\sources_1\imports\IDES\key44_scan.v:]
WARNING: [filemgmt 56-199] Attempt to get parsing info during refresh. "On-the-fly" syntax checking information may be incorrect. [Z:\FPGA\Railway_System\Railway_System\hx75_key_7seg.srcs\sources_1\new\hx75_hex_7seg.v:]
WARNING: [filemgmt 56-199] Attempt to get parsing info during refresh. "On-the-fly" syntax checking information may be incorrect. [Z:\FPGA\Railway_System\Railway_System\hx75_key_7seg.srcs\sources_1\imports\sources_1\new\key_7seg.v:]
WARNING: [filemgmt 56-199] Attempt to get parsing info during refresh. "On-the-fly" syntax checking information may be incorrect. [Z:\FPGA\Railway_System\Railway_System\hx75_key_7seg.srcs\sources_1\imports\sources_1\imports\IDES\key44_scan.v:]
WARNING: [filemgmt 56-199] Attempt to get parsing info during refresh. "On-the-fly" syntax checking information may be incorrect. [Z:\FPGA\Railway_System\Railway_System\hx75_key_7seg.srcs\sources_1\new\hx75_hex_7seg.v:]
ERROR: [Common 17-180] Spawn failed: No error
WARNING: [filemgmt 56-199] Attempt to get parsing info during refresh. "On-the-fly" syntax checking information may be incorrect. [Z:\FPGA\Railway_System\Railway_System\hx75_key_7seg.srcs\sources_1\imports\sources_1\new\key_7seg.v:]
WARNING: [filemgmt 56-199] Attempt to get parsing info during refresh. "On-the-fly" syntax checking information may be incorrect. [Z:\FPGA\Railway_System\Railway_System\hx75_key_7seg.srcs\sources_1\imports\sources_1\imports\IDES\key44_scan.v:]
WARNING: [filemgmt 56-199] Attempt to get parsing info during refresh. "On-the-fly" syntax checking information may be incorrect. [Z:\FPGA\Railway_System\Railway_System\hx75_key_7seg.srcs\sources_1\new\hx75_hex_7seg.v:]
WARNING: [filemgmt 56-199] Attempt to get parsing info during refresh. "On-the-fly" syntax checking information may be incorrect. [Z:\FPGA\Railway_System\Railway_System\hx75_key_7seg.srcs\sources_1\imports\sources_1\new\key_7seg.v:]
WARNING: [filemgmt 56-199] Attempt to get parsing info during refresh. "On-the-fly" syntax checking information may be incorrect. [Z:\FPGA\Railway_System\Railway_System\hx75_key_7seg.srcs\sources_1\imports\sources_1\imports\IDES\key44_scan.v:]
WARNING: [filemgmt 56-199] Attempt to get parsing info during refresh. "On-the-fly" syntax checking information may be incorrect. [Z:\FPGA\Railway_System\Railway_System\hx75_key_7seg.srcs\sources_1\new\hx75_hex_7seg.v:]
WARNING: [filemgmt 56-199] Attempt to get parsing info during refresh. "On-the-fly" syntax checking information may be incorrect. [Z:\FPGA\Railway_System\Railway_System\hx75_key_7seg.srcs\sources_1\imports\sources_1\new\key_7seg.v:]
WARNING: [filemgmt 56-199] Attempt to get parsing info during refresh. "On-the-fly" syntax checking information may be incorrect. [Z:\FPGA\Railway_System\Railway_System\hx75_key_7seg.srcs\sources_1\imports\sources_1\imports\IDES\key44_scan.v:]
WARNING: [filemgmt 56-199] Attempt to get parsing info during refresh. "On-the-fly" syntax checking information may be incorrect. [Z:\FPGA\Railway_System\Railway_System\hx75_key_7seg.srcs\sources_1\new\hx75_hex_7seg.v:]
WARNING: [filemgmt 56-199] Attempt to get parsing info during refresh. "On-the-fly" syntax checking information may be incorrect. [Z:\FPGA\Railway_System\Railway_System\hx75_key_7seg.srcs\sources_1\imports\sources_1\new\key_7seg.v:]
WARNING: [filemgmt 56-199] Attempt to get parsing info during refresh. "On-the-fly" syntax checking information may be incorrect. [Z:\FPGA\Railway_System\Railway_System\hx75_key_7seg.srcs\sources_1\imports\sources_1\imports\IDES\key44_scan.v:]
WARNING: [filemgmt 56-199] Attempt to get parsing info during refresh. "On-the-fly" syntax checking information may be incorrect. [Z:\FPGA\Railway_System\Railway_System\hx75_key_7seg.srcs\sources_1\new\hx75_hex_7seg.v:]
WARNING: [filemgmt 56-199] Attempt to get parsing info during refresh. "On-the-fly" syntax checking information may be incorrect. [Z:\FPGA\Railway_System\Railway_System\hx75_key_7seg.srcs\sources_1\imports\sources_1\new\key_7seg.v:]
WARNING: [filemgmt 56-199] Attempt to get parsing info during refresh. "On-the-fly" syntax checking information may be incorrect. [Z:\FPGA\Railway_System\Railway_System\hx75_key_7seg.srcs\sources_1\imports\sources_1\imports\IDES\key44_scan.v:]
WARNING: [filemgmt 56-199] Attempt to get parsing info during refresh. "On-the-fly" syntax checking information may be incorrect. [Z:\FPGA\Railway_System\Railway_System\hx75_key_7seg.srcs\sources_1\new\hx75_hex_7seg.v:]
launch_simulation
Command: launch_simulation 
INFO: [Vivado 12-12493] Simulation top is 'hx75_key_7seg'
WARNING: [Vivado 12-13340] Unable to auto find GCC executables from simulator install path! (path not set)
INFO: [Vivado 12-5682] Launching behavioral simulation in 'Z:/FPGA/Railway_System/Railway_System/hx75_key_7seg.sim/sim_1/behav/xsim'
INFO: [SIM-utils-51] Simulation object is 'sim_1'
INFO: [SIM-utils-72] Using boost library from 'D:/F-FPGA/Vivado/2023.2/tps/boost_1_72_0'
INFO: [SIM-utils-54] Inspecting design source files for 'hx75_key_7seg' in fileset 'sim_1'...
INFO: [USF-XSim-97] Finding global include files...
INFO: [USF-XSim-98] Fetching design files from 'sim_1'...
INFO: [USF-XSim-2] XSim::Compile design
INFO: [USF-XSim-61] Executing 'COMPILE and ANALYZE' step in 'Z:/FPGA/Railway_System/Railway_System/hx75_key_7seg.sim/sim_1/behav/xsim'
"xvlog --incr --relax -prj hx75_key_7seg_vlog.prj"
ECHO 处于关闭状态。
ECHO 处于关闭状态。
INFO: [VRFC 10-2263] Analyzing Verilog file "Z:/FPGA/Railway_System/Railway_System/hx75_key_7seg.srcs/sources_1/new/hx75_hex_7seg.v" into library xil_defaultlib
INFO: [VRFC 10-311] analyzing module seg_dtxs
INFO: [VRFC 10-311] analyzing module Keyboard_conversion
INFO: [VRFC 10-2263] Analyzing Verilog file "Z:/FPGA/Railway_System/Railway_System/hx75_key_7seg.srcs/sources_1/imports/sources_1/imports/IDES/key44_scan.v" into library xil_defaultlib
INFO: [VRFC 10-311] analyzing module key44
INFO: [VRFC 10-2263] Analyzing Verilog file "Z:/FPGA/Railway_System/Railway_System/hx75_key_7seg.srcs/sources_1/imports/sources_1/new/key_7seg.v" into library xil_defaultlib
INFO: [VRFC 10-311] analyzing module hx75_key_7seg
INFO: [VRFC 10-2263] Analyzing Verilog file "Z:/FPGA/Railway_System/Railway_System/hx75_key_7seg.sim/sim_1/behav/xsim/glbl.v" into library xil_defaultlib
INFO: [VRFC 10-311] analyzing module glbl
INFO: [USF-XSim-69] 'compile' step finished in '2' seconds
INFO: [USF-XSim-3] XSim::Elaborate design
INFO: [USF-XSim-61] Executing 'ELABORATE' step in 'Z:/FPGA/Railway_System/Railway_System/hx75_key_7seg.sim/sim_1/behav/xsim'
"xelab --incr --debug typical --relax --mt 2 -L xil_defaultlib -L unisims_ver -L unimacro_ver -L secureip --snapshot hx75_key_7seg_behav xil_defaultlib.hx75_key_7seg xil_defaultlib.glbl -log elaborate.log"
ECHO 处于关闭状态。
ECHO 处于关闭状态。
Vivado Simulator v2023.2
Copyright 1986-2022 Xilinx, Inc. All Rights Reserved.
Copyright 2022-2023 Advanced Micro Devices, Inc. All Rights Reserved.
Running: D:/F-FPGA/Vivado/2023.2/bin/unwrapped/win64.o/xelab.exe --incr --debug typical --relax --mt 2 -L xil_defaultlib -L unisims_ver -L unimacro_ver -L secureip --snapshot hx75_key_7seg_behav xil_defaultlib.hx75_key_7seg xil_defaultlib.glbl -log elaborate.log 
Using 2 slave threads.
Starting static elaboration
Pass Through NonSizing Optimizer
Completed static elaboration
Starting simulation data flow analysis
Completed simulation data flow analysis
Time Resolution for simulation is 1ps
Compiling module xil_defaultlib.key44
Compiling module xil_defaultlib.Keyboard_conversion
Compiling module xil_defaultlib.seg_dtxs
Compiling module xil_defaultlib.hx75_key_7seg
Compiling module xil_defaultlib.glbl
Built simulation snapshot hx75_key_7seg_behav
run_program: Time (s): cpu = 00:00:00 ; elapsed = 00:00:05 . Memory (MB): peak = 1754.301 ; gain = 0.000
INFO: [USF-XSim-69] 'elaborate' step finished in '5' seconds
INFO: [USF-XSim-4] XSim::Simulate design
INFO: [USF-XSim-61] Executing 'SIMULATE' step in 'Z:/FPGA/Railway_System/Railway_System/hx75_key_7seg.sim/sim_1/behav/xsim'
INFO: [USF-XSim-98] *** Running xsim
   with args "hx75_key_7seg_behav -key {Behavioral:sim_1:Functional:hx75_key_7seg} -tclbatch {hx75_key_7seg.tcl} -log {simulate.log}"
INFO: [USF-XSim-8] Loading simulator feature
Time resolution is 1 ps
source hx75_key_7seg.tcl
# set curr_wave [current_wave_config]
# if { [string length $curr_wave] == 0 } {
#   if { [llength [get_objects]] > 0} {
#     add_wave /
#     set_property needs_save false [current_wave_config]
#   } else {
#      send_msg_id Add_Wave-1 WARNING "No top level signals found. Simulator will start without a wave window. If you want to open a wave window go to 'File->New Waveform Configuration' or type 'create_wave_config' in the TCL console."
#   }
# }
# run 1000ns
INFO: [USF-XSim-96] XSim completed. Design snapshot 'hx75_key_7seg_behav' loaded.
INFO: [USF-XSim-97] XSim simulation ran for 1000ns
launch_simulation: Time (s): cpu = 00:00:01 ; elapsed = 00:00:09 . Memory (MB): peak = 1754.301 ; gain = 0.000
WARNING: [filemgmt 56-199] Attempt to get parsing info during refresh. "On-the-fly" syntax checking information may be incorrect. [Z:\FPGA\Railway_System\Railway_System\hx75_key_7seg.srcs\sources_1\imports\sources_1\new\key_7seg.v:]
WARNING: [filemgmt 56-199] Attempt to get parsing info during refresh. "On-the-fly" syntax checking information may be incorrect. [Z:\FPGA\Railway_System\Railway_System\hx75_key_7seg.srcs\sources_1\imports\sources_1\imports\IDES\key44_scan.v:]
WARNING: [filemgmt 56-199] Attempt to get parsing info during refresh. "On-the-fly" syntax checking information may be incorrect. [Z:\FPGA\Railway_System\Railway_System\hx75_key_7seg.srcs\sources_1\new\hx75_hex_7seg.v:]
WARNING: [filemgmt 56-199] Attempt to get parsing info during refresh. "On-the-fly" syntax checking information may be incorrect. [Z:\FPGA\Railway_System\Railway_System\hx75_key_7seg.srcs\sources_1\imports\sources_1\new\key_7seg.v:]
WARNING: [filemgmt 56-199] Attempt to get parsing info during refresh. "On-the-fly" syntax checking information may be incorrect. [Z:\FPGA\Railway_System\Railway_System\hx75_key_7seg.srcs\sources_1\imports\sources_1\imports\IDES\key44_scan.v:]
WARNING: [filemgmt 56-199] Attempt to get parsing info during refresh. "On-the-fly" syntax checking information may be incorrect. [Z:\FPGA\Railway_System\Railway_System\hx75_key_7seg.srcs\sources_1\new\hx75_hex_7seg.v:]
close_sim
INFO: [Simtcl 6-16] Simulation closed
launch_simulation
Command: launch_simulation 
INFO: [Vivado 12-12493] Simulation top is 'hx75_key_7seg'
WARNING: [Vivado 12-13340] Unable to auto find GCC executables from simulator install path! (path not set)
INFO: [Vivado 12-5682] Launching behavioral simulation in 'Z:/FPGA/Railway_System/Railway_System/hx75_key_7seg.sim/sim_1/behav/xsim'
INFO: [SIM-utils-51] Simulation object is 'sim_1'
INFO: [SIM-utils-72] Using boost library from 'D:/F-FPGA/Vivado/2023.2/tps/boost_1_72_0'
INFO: [SIM-utils-54] Inspecting design source files for 'hx75_key_7seg' in fileset 'sim_1'...
INFO: [USF-XSim-97] Finding global include files...
INFO: [USF-XSim-98] Fetching design files from 'sim_1'...
INFO: [USF-XSim-2] XSim::Compile design
INFO: [USF-XSim-61] Executing 'COMPILE and ANALYZE' step in 'Z:/FPGA/Railway_System/Railway_System/hx75_key_7seg.sim/sim_1/behav/xsim'
"xvlog --incr --relax -prj hx75_key_7seg_vlog.prj"
ECHO 处于关闭状态。
ECHO 处于关闭状态。
INFO: [VRFC 10-2263] Analyzing Verilog file "Z:/FPGA/Railway_System/Railway_System/hx75_key_7seg.srcs/sources_1/new/hx75_hex_7seg.v" into library xil_defaultlib
INFO: [VRFC 10-311] analyzing module seg_dtxs
INFO: [VRFC 10-311] analyzing module Keyboard_conversion
INFO: [VRFC 10-2263] Analyzing Verilog file "Z:/FPGA/Railway_System/Railway_System/hx75_key_7seg.srcs/sources_1/imports/sources_1/imports/IDES/key44_scan.v" into library xil_defaultlib
INFO: [VRFC 10-311] analyzing module key44
INFO: [VRFC 10-2263] Analyzing Verilog file "Z:/FPGA/Railway_System/Railway_System/hx75_key_7seg.srcs/sources_1/imports/sources_1/new/key_7seg.v" into library xil_defaultlib
INFO: [VRFC 10-311] analyzing module hx75_key_7seg
INFO: [USF-XSim-69] 'compile' step finished in '1' seconds
INFO: [USF-XSim-3] XSim::Elaborate design
INFO: [USF-XSim-61] Executing 'ELABORATE' step in 'Z:/FPGA/Railway_System/Railway_System/hx75_key_7seg.sim/sim_1/behav/xsim'
"xelab --incr --debug typical --relax --mt 2 -L xil_defaultlib -L unisims_ver -L unimacro_ver -L secureip --snapshot hx75_key_7seg_behav xil_defaultlib.hx75_key_7seg xil_defaultlib.glbl -log elaborate.log"
ECHO 处于关闭状态。
ECHO 处于关闭状态。
Vivado Simulator v2023.2
Copyright 1986-2022 Xilinx, Inc. All Rights Reserved.
Copyright 2022-2023 Advanced Micro Devices, Inc. All Rights Reserved.
Running: D:/F-FPGA/Vivado/2023.2/bin/unwrapped/win64.o/xelab.exe --incr --debug typical --relax --mt 2 -L xil_defaultlib -L unisims_ver -L unimacro_ver -L secureip --snapshot hx75_key_7seg_behav xil_defaultlib.hx75_key_7seg xil_defaultlib.glbl -log elaborate.log 
Using 2 slave threads.
Starting static elaboration
Pass Through NonSizing Optimizer
Completed static elaboration
Starting simulation data flow analysis
Completed simulation data flow analysis
Time Resolution for simulation is 1ps
Compiling module xil_defaultlib.key44
Compiling module xil_defaultlib.Keyboard_conversion
Compiling module xil_defaultlib.seg_dtxs
Compiling module xil_defaultlib.hx75_key_7seg
Compiling module xil_defaultlib.glbl
Built simulation snapshot hx75_key_7seg_behav
INFO: [USF-XSim-69] 'elaborate' step finished in '1' seconds
INFO: [USF-XSim-4] XSim::Simulate design
INFO: [USF-XSim-61] Executing 'SIMULATE' step in 'Z:/FPGA/Railway_System/Railway_System/hx75_key_7seg.sim/sim_1/behav/xsim'
INFO: [USF-XSim-98] *** Running xsim
   with args "hx75_key_7seg_behav -key {Behavioral:sim_1:Functional:hx75_key_7seg} -tclbatch {hx75_key_7seg.tcl} -log {simulate.log}"
INFO: [USF-XSim-8] Loading simulator feature
Time resolution is 1 ps
source hx75_key_7seg.tcl
# set curr_wave [current_wave_config]
# if { [string length $curr_wave] == 0 } {
#   if { [llength [get_objects]] > 0} {
#     add_wave /
#     set_property needs_save false [current_wave_config]
#   } else {
#      send_msg_id Add_Wave-1 WARNING "No top level signals found. Simulator will start without a wave window. If you want to open a wave window go to 'File->New Waveform Configuration' or type 'create_wave_config' in the TCL console."
#   }
# }
# run 1000ns
INFO: [USF-XSim-96] XSim completed. Design snapshot 'hx75_key_7seg_behav' loaded.
INFO: [USF-XSim-97] XSim simulation ran for 1000ns
run all
run all
run all
run all
run all
reset_run synth_1
INFO: [Project 1-1161] Replacing file Z:/FPGA/Railway_System/Railway_System/hx75_key_7seg.srcs/utils_1/imports/synth_1/hx75_hex_7seg.dcp with file Z:/FPGA/Railway_System/Railway_System/hx75_key_7seg.runs/synth_1/hx75_key_7seg.dcp
launch_runs synth_1 -jobs 16
[Mon Sep  9 21:01:15 2024] Launched synth_1...
Run output will be captured here: Z:/FPGA/Railway_System/Railway_System/hx75_key_7seg.runs/synth_1/runme.log
WARNING: [filemgmt 56-199] Attempt to get parsing info during refresh. "On-the-fly" syntax checking information may be incorrect. [Z:\FPGA\Railway_System\Railway_System\hx75_key_7seg.srcs\sources_1\imports\sources_1\new\key_7seg.v:]
WARNING: [filemgmt 56-199] Attempt to get parsing info during refresh. "On-the-fly" syntax checking information may be incorrect. [Z:\FPGA\Railway_System\Railway_System\hx75_key_7seg.srcs\sources_1\imports\sources_1\imports\IDES\key44_scan.v:]
WARNING: [filemgmt 56-199] Attempt to get parsing info during refresh. "On-the-fly" syntax checking information may be incorrect. [Z:\FPGA\Railway_System\Railway_System\hx75_key_7seg.srcs\sources_1\new\hx75_hex_7seg.v:]
WARNING: [filemgmt 56-199] Attempt to get parsing info during refresh. "On-the-fly" syntax checking information may be incorrect. [Z:\FPGA\Railway_System\Railway_System\hx75_key_7seg.srcs\sources_1\imports\sources_1\new\key_7seg.v:]
WARNING: [filemgmt 56-199] Attempt to get parsing info during refresh. "On-the-fly" syntax checking information may be incorrect. [Z:\FPGA\Railway_System\Railway_System\hx75_key_7seg.srcs\sources_1\imports\sources_1\imports\IDES\key44_scan.v:]
WARNING: [filemgmt 56-199] Attempt to get parsing info during refresh. "On-the-fly" syntax checking information may be incorrect. [Z:\FPGA\Railway_System\Railway_System\hx75_key_7seg.srcs\sources_1\new\hx75_hex_7seg.v:]
launch_runs impl_1 -jobs 16
[Mon Sep  9 21:01:51 2024] Launched impl_1...
Run output will be captured here: Z:/FPGA/Railway_System/Railway_System/hx75_key_7seg.runs/impl_1/runme.log
run all
launch_runs impl_1 -to_step write_bitstream -jobs 16
[Mon Sep  9 21:02:53 2024] Launched impl_1...
Run output will be captured here: Z:/FPGA/Railway_System/Railway_System/hx75_key_7seg.runs/impl_1/runme.log
reset_run impl_1 -prev_step 
launch_runs impl_1 -to_step write_bitstream -jobs 16
[Mon Sep  9 21:03:38 2024] Launched impl_1...
Run output will be captured here: Z:/FPGA/Railway_System/Railway_System/hx75_key_7seg.runs/impl_1/runme.log
WARNING: [filemgmt 56-199] Attempt to get parsing info during refresh. "On-the-fly" syntax checking information may be incorrect. [Z:\FPGA\Railway_System\Railway_System\hx75_key_7seg.srcs\sources_1\imports\sources_1\new\key_7seg.v:]
WARNING: [filemgmt 56-199] Attempt to get parsing info during refresh. "On-the-fly" syntax checking information may be incorrect. [Z:\FPGA\Railway_System\Railway_System\hx75_key_7seg.srcs\sources_1\imports\sources_1\imports\IDES\key44_scan.v:]
WARNING: [filemgmt 56-199] Attempt to get parsing info during refresh. "On-the-fly" syntax checking information may be incorrect. [Z:\FPGA\Railway_System\Railway_System\hx75_key_7seg.srcs\sources_1\new\hx75_hex_7seg.v:]
WARNING: [filemgmt 56-199] Attempt to get parsing info during refresh. "On-the-fly" syntax checking information may be incorrect. [Z:\FPGA\Railway_System\Railway_System\hx75_key_7seg.srcs\sources_1\imports\sources_1\new\key_7seg.v:]
WARNING: [filemgmt 56-199] Attempt to get parsing info during refresh. "On-the-fly" syntax checking information may be incorrect. [Z:\FPGA\Railway_System\Railway_System\hx75_key_7seg.srcs\sources_1\imports\sources_1\imports\IDES\key44_scan.v:]
WARNING: [filemgmt 56-199] Attempt to get parsing info during refresh. "On-the-fly" syntax checking information may be incorrect. [Z:\FPGA\Railway_System\Railway_System\hx75_key_7seg.srcs\sources_1\new\hx75_hex_7seg.v:]
reset_run synth_1
INFO: [Project 1-1161] Replacing file Z:/FPGA/Railway_System/Railway_System/hx75_key_7seg.srcs/utils_1/imports/synth_1/hx75_hex_7seg.dcp with file Z:/FPGA/Railway_System/Railway_System/hx75_key_7seg.runs/synth_1/hx75_key_7seg.dcp
launch_runs impl_1 -to_step write_bitstream -jobs 16
[Mon Sep  9 21:07:59 2024] Launched synth_1...
Run output will be captured here: Z:/FPGA/Railway_System/Railway_System/hx75_key_7seg.runs/synth_1/runme.log
[Mon Sep  9 21:07:59 2024] Launched impl_1...
Run output will be captured here: Z:/FPGA/Railway_System/Railway_System/hx75_key_7seg.runs/impl_1/runme.log
WARNING: [filemgmt 56-199] Attempt to get parsing info during refresh. "On-the-fly" syntax checking information may be incorrect. [Z:\FPGA\Railway_System\Railway_System\hx75_key_7seg.srcs\sources_1\imports\sources_1\new\key_7seg.v:]
WARNING: [filemgmt 56-199] Attempt to get parsing info during refresh. "On-the-fly" syntax checking information may be incorrect. [Z:\FPGA\Railway_System\Railway_System\hx75_key_7seg.srcs\sources_1\imports\sources_1\imports\IDES\key44_scan.v:]
WARNING: [filemgmt 56-199] Attempt to get parsing info during refresh. "On-the-fly" syntax checking information may be incorrect. [Z:\FPGA\Railway_System\Railway_System\hx75_key_7seg.srcs\sources_1\new\hx75_hex_7seg.v:]
ERROR: [Common 17-180] Spawn failed: No error
WARNING: [filemgmt 56-199] Attempt to get parsing info during refresh. "On-the-fly" syntax checking information may be incorrect. [Z:\FPGA\Railway_System\Railway_System\hx75_key_7seg.srcs\sources_1\imports\sources_1\new\key_7seg.v:]
WARNING: [filemgmt 56-199] Attempt to get parsing info during refresh. "On-the-fly" syntax checking information may be incorrect. [Z:\FPGA\Railway_System\Railway_System\hx75_key_7seg.srcs\sources_1\imports\sources_1\imports\IDES\key44_scan.v:]
WARNING: [filemgmt 56-199] Attempt to get parsing info during refresh. "On-the-fly" syntax checking information may be incorrect. [Z:\FPGA\Railway_System\Railway_System\hx75_key_7seg.srcs\sources_1\new\hx75_hex_7seg.v:]
open_hw_manager
connect_hw_server -allow_non_jtag
INFO: [Labtools 27-2285] Connecting to hw_server url TCP:localhost:3121
INFO: [Labtools 27-2222] Launching hw_server...
INFO: [Labtools 27-2221] Launch Output:
ECHO 处于关闭状态。
ECHO 处于关闭状态。

****** Xilinx hw_server v2023.2
  **** Build date : Oct 13 2023 at 21:31:40
    ** Copyright 1986-2022 Xilinx, Inc. All Rights Reserved.


INFO: [Labtools 27-3415] Connecting to cs_server url TCP:localhost:0
INFO: [Labtools 27-3417] Launching cs_server...
INFO: [Labtools 27-2221] Launch Output:
ECHO 处于关闭状态。
ECHO 处于关闭状态。


******** Xilinx cs_server v2023.2.0
  ****** Build date   : Oct 10 2023-12:01:56
    **** Build number : 2023.2.1696910516
      ** Copyright 2017-2022 Xilinx, Inc. All Rights Reserved.
      ** Copyright 2022-2024 Advanced Micro Devices, Inc. All Rights Reserved.



connect_hw_server: Time (s): cpu = 00:00:01 ; elapsed = 00:00:07 . Memory (MB): peak = 2736.930 ; gain = 0.000
open_hw_target
INFO: [Labtoolstcl 44-466] Opening hw_target localhost:3121/xilinx_tcf/Xilinx/1234-tulA
set_property PROGRAM.FILE {Z:/FPGA/Railway_System/Railway_System/hx75_key_7seg.runs/impl_1/hx75_key_7seg.bit} [get_hw_devices xc7a75t_0]
current_hw_device [get_hw_devices xc7a75t_0]
refresh_hw_device -update_hw_probes false [lindex [get_hw_devices xc7a75t_0] 0]
INFO: [Labtools 27-1434] Device xc7a75t (JTAG device index = 0) is programmed with a design that has no supported debug core(s) in it.
set_property PROBES.FILE {} [get_hw_devices xc7a75t_0]
set_property FULL_PROBES.FILE {} [get_hw_devices xc7a75t_0]
set_property PROGRAM.FILE {Z:/FPGA/Railway_System/Railway_System/hx75_key_7seg.runs/impl_1/hx75_key_7seg.bit} [get_hw_devices xc7a75t_0]
program_hw_devices [get_hw_devices xc7a75t_0]
INFO: [Labtools 27-3164] End of startup status: HIGH
refresh_hw_device [lindex [get_hw_devices xc7a75t_0] 0]
INFO: [Labtools 27-1434] Device xc7a75t (JTAG device index = 0) is programmed with a design that has no supported debug core(s) in it.
WARNING: [filemgmt 56-199] Attempt to get parsing info during refresh. "On-the-fly" syntax checking information may be incorrect. [Z:\FPGA\Railway_System\Railway_System\hx75_key_7seg.srcs\sources_1\imports\sources_1\new\key_7seg.v:]
WARNING: [filemgmt 56-199] Attempt to get parsing info during refresh. "On-the-fly" syntax checking information may be incorrect. [Z:\FPGA\Railway_System\Railway_System\hx75_key_7seg.srcs\sources_1\imports\sources_1\imports\IDES\key44_scan.v:]
WARNING: [filemgmt 56-199] Attempt to get parsing info during refresh. "On-the-fly" syntax checking information may be incorrect. [Z:\FPGA\Railway_System\Railway_System\hx75_key_7seg.srcs\sources_1\new\hx75_hex_7seg.v:]
WARNING: [filemgmt 56-199] Attempt to get parsing info during refresh. "On-the-fly" syntax checking information may be incorrect. [Z:\FPGA\Railway_System\Railway_System\hx75_key_7seg.srcs\sources_1\imports\sources_1\new\key_7seg.v:]
WARNING: [filemgmt 56-199] Attempt to get parsing info during refresh. "On-the-fly" syntax checking information may be incorrect. [Z:\FPGA\Railway_System\Railway_System\hx75_key_7seg.srcs\sources_1\imports\sources_1\imports\IDES\key44_scan.v:]
WARNING: [filemgmt 56-199] Attempt to get parsing info during refresh. "On-the-fly" syntax checking information may be incorrect. [Z:\FPGA\Railway_System\Railway_System\hx75_key_7seg.srcs\sources_1\new\hx75_hex_7seg.v:]
WARNING: [filemgmt 56-199] Attempt to get parsing info during refresh. "On-the-fly" syntax checking information may be incorrect. [Z:\FPGA\Railway_System\Railway_System\hx75_key_7seg.srcs\sources_1\imports\sources_1\new\key_7seg.v:]
WARNING: [filemgmt 56-199] Attempt to get parsing info during refresh. "On-the-fly" syntax checking information may be incorrect. [Z:\FPGA\Railway_System\Railway_System\hx75_key_7seg.srcs\sources_1\imports\sources_1\imports\IDES\key44_scan.v:]
ERROR: [Common 17-180] Spawn failed: No error
reset_run synth_1
INFO: [Project 1-1161] Replacing file Z:/FPGA/Railway_System/Railway_System/hx75_key_7seg.srcs/utils_1/imports/synth_1/hx75_hex_7seg.dcp with file Z:/FPGA/Railway_System/Railway_System/hx75_key_7seg.runs/synth_1/hx75_key_7seg.dcp
launch_runs synth_1 -jobs 16
[Mon Sep  9 21:15:16 2024] Launched synth_1...
Run output will be captured here: Z:/FPGA/Railway_System/Railway_System/hx75_key_7seg.runs/synth_1/runme.log
WARNING: [filemgmt 56-199] Attempt to get parsing info during refresh. "On-the-fly" syntax checking information may be incorrect. [Z:\FPGA\Railway_System\Railway_System\hx75_key_7seg.srcs\sources_1\imports\sources_1\new\key_7seg.v:]
WARNING: [filemgmt 56-199] Attempt to get parsing info during refresh. "On-the-fly" syntax checking information may be incorrect. [Z:\FPGA\Railway_System\Railway_System\hx75_key_7seg.srcs\sources_1\imports\sources_1\imports\IDES\key44_scan.v:]
ERROR: [Common 17-180] Spawn failed: No error
launch_runs impl_1 -jobs 16
[Mon Sep  9 21:15:59 2024] Launched impl_1...
Run output will be captured here: Z:/FPGA/Railway_System/Railway_System/hx75_key_7seg.runs/impl_1/runme.log
launch_runs impl_1 -to_step write_bitstream -jobs 16
[Mon Sep  9 21:17:05 2024] Launched impl_1...
Run output will be captured here: Z:/FPGA/Railway_System/Railway_System/hx75_key_7seg.runs/impl_1/runme.log
set_property PROBES.FILE {} [get_hw_devices xc7a75t_0]
set_property FULL_PROBES.FILE {} [get_hw_devices xc7a75t_0]
set_property PROGRAM.FILE {Z:/FPGA/Railway_System/Railway_System/hx75_key_7seg.runs/impl_1/hx75_key_7seg.bit} [get_hw_devices xc7a75t_0]
program_hw_devices [get_hw_devices xc7a75t_0]
INFO: [Labtools 27-3164] End of startup status: HIGH
refresh_hw_device [lindex [get_hw_devices xc7a75t_0] 0]
INFO: [Labtools 27-1434] Device xc7a75t (JTAG device index = 0) is programmed with a design that has no supported debug core(s) in it.
close_sim
INFO: [Simtcl 6-16] Simulation closed
exit
INFO: [Common 17-206] Exiting Vivado at Mon Sep  9 21:18:53 2024...
