
*** Running vivado
    with args -log top_design.vdi -applog -m64 -product Vivado -messageDb vivado.pb -mode batch -source top_design.tcl -notrace


ECHO 处于关闭状态。
ECHO 处于关闭状态。

****** Vivado v2023.2 (64-bit)
  **** SW Build 4029153 on Fri Oct 13 20:14:34 MDT 2023
  **** IP Build 4028589 on Sat Oct 14 00:45:43 MDT 2023
  **** SharedData Build 4025554 on Tue Oct 10 17:18:54 MDT 2023
    ** Copyright 1986-2022 Xilinx, Inc. All Rights Reserved.
    ** Copyright 2022-2023 Advanced Micro Devices, Inc. All Rights Reserved.

source top_design.tcl -notrace
Command: link_design -top top_design -part xc7a75tfgg484-2
Design is defaulting to srcset: sources_1
Design is defaulting to constrset: constrs_1
INFO: [Device 21-403] Loading part xc7a75tfgg484-2
Netlist sorting complete. Time (s): cpu = 00:00:00 ; elapsed = 00:00:00.007 . Memory (MB): peak = 897.656 ; gain = 0.000
INFO: [Netlist 29-17] Analyzing 66 Unisim elements for replacement
INFO: [Netlist 29-28] Unisim Transformation completed in 0 CPU seconds
INFO: [Project 1-479] Netlist was created with Vivado 2023.2
INFO: [Project 1-570] Preparing netlist for logic optimization
Parsing XDC File [Z:/FPGA/Railway_System/Railway_System_S2/hx75_key_7seg.srcs/constrs_1/imports/DSD/7A75_FPGA_IO.xdc]
WARNING: [Vivado 12-584] No ports matched 'beep'. [Z:/FPGA/Railway_System/Railway_System_S2/hx75_key_7seg.srcs/constrs_1/imports/DSD/7A75_FPGA_IO.xdc:24]
CRITICAL WARNING: [Common 17-55] 'set_property' expects at least one object. [Z:/FPGA/Railway_System/Railway_System_S2/hx75_key_7seg.srcs/constrs_1/imports/DSD/7A75_FPGA_IO.xdc:24]
Resolution: If [get_<value>] was used to populate the object, check to make sure this command returns at least one valid object.
WARNING: [Vivado 12-584] No ports matched 'sd_miso_DAT0'. [Z:/FPGA/Railway_System/Railway_System_S2/hx75_key_7seg.srcs/constrs_1/imports/DSD/7A75_FPGA_IO.xdc:27]
CRITICAL WARNING: [Common 17-55] 'set_property' expects at least one object. [Z:/FPGA/Railway_System/Railway_System_S2/hx75_key_7seg.srcs/constrs_1/imports/DSD/7A75_FPGA_IO.xdc:27]
Resolution: If [get_<value>] was used to populate the object, check to make sure this command returns at least one valid object.
WARNING: [Vivado 12-584] No ports matched 'sd_mosi_CMD'. [Z:/FPGA/Railway_System/Railway_System_S2/hx75_key_7seg.srcs/constrs_1/imports/DSD/7A75_FPGA_IO.xdc:28]
CRITICAL WARNING: [Common 17-55] 'set_property' expects at least one object. [Z:/FPGA/Railway_System/Railway_System_S2/hx75_key_7seg.srcs/constrs_1/imports/DSD/7A75_FPGA_IO.xdc:28]
Resolution: If [get_<value>] was used to populate the object, check to make sure this command returns at least one valid object.
WARNING: [Vivado 12-584] No ports matched 'sd_clk'. [Z:/FPGA/Railway_System/Railway_System_S2/hx75_key_7seg.srcs/constrs_1/imports/DSD/7A75_FPGA_IO.xdc:29]
CRITICAL WARNING: [Common 17-55] 'set_property' expects at least one object. [Z:/FPGA/Railway_System/Railway_System_S2/hx75_key_7seg.srcs/constrs_1/imports/DSD/7A75_FPGA_IO.xdc:29]
Resolution: If [get_<value>] was used to populate the object, check to make sure this command returns at least one valid object.
WARNING: [Vivado 12-584] No ports matched 'sd_cs_DAT3'. [Z:/FPGA/Railway_System/Railway_System_S2/hx75_key_7seg.srcs/constrs_1/imports/DSD/7A75_FPGA_IO.xdc:30]
CRITICAL WARNING: [Common 17-55] 'set_property' expects at least one object. [Z:/FPGA/Railway_System/Railway_System_S2/hx75_key_7seg.srcs/constrs_1/imports/DSD/7A75_FPGA_IO.xdc:30]
Resolution: If [get_<value>] was used to populate the object, check to make sure this command returns at least one valid object.
WARNING: [Vivado 12-584] No ports matched 'sd_DAT1'. [Z:/FPGA/Railway_System/Railway_System_S2/hx75_key_7seg.srcs/constrs_1/imports/DSD/7A75_FPGA_IO.xdc:31]
CRITICAL WARNING: [Common 17-55] 'set_property' expects at least one object. [Z:/FPGA/Railway_System/Railway_System_S2/hx75_key_7seg.srcs/constrs_1/imports/DSD/7A75_FPGA_IO.xdc:31]
Resolution: If [get_<value>] was used to populate the object, check to make sure this command returns at least one valid object.
WARNING: [Vivado 12-584] No ports matched 'sd_DAT2'. [Z:/FPGA/Railway_System/Railway_System_S2/hx75_key_7seg.srcs/constrs_1/imports/DSD/7A75_FPGA_IO.xdc:32]
CRITICAL WARNING: [Common 17-55] 'set_property' expects at least one object. [Z:/FPGA/Railway_System/Railway_System_S2/hx75_key_7seg.srcs/constrs_1/imports/DSD/7A75_FPGA_IO.xdc:32]
Resolution: If [get_<value>] was used to populate the object, check to make sure this command returns at least one valid object.
WARNING: [Vivado 12-584] No ports matched 'uart_RXD'. [Z:/FPGA/Railway_System/Railway_System_S2/hx75_key_7seg.srcs/constrs_1/imports/DSD/7A75_FPGA_IO.xdc:35]
CRITICAL WARNING: [Common 17-55] 'set_property' expects at least one object. [Z:/FPGA/Railway_System/Railway_System_S2/hx75_key_7seg.srcs/constrs_1/imports/DSD/7A75_FPGA_IO.xdc:35]
Resolution: If [get_<value>] was used to populate the object, check to make sure this command returns at least one valid object.
WARNING: [Vivado 12-584] No ports matched 'uart_TXD'. [Z:/FPGA/Railway_System/Railway_System_S2/hx75_key_7seg.srcs/constrs_1/imports/DSD/7A75_FPGA_IO.xdc:36]
CRITICAL WARNING: [Common 17-55] 'set_property' expects at least one object. [Z:/FPGA/Railway_System/Railway_System_S2/hx75_key_7seg.srcs/constrs_1/imports/DSD/7A75_FPGA_IO.xdc:36]
Resolution: If [get_<value>] was used to populate the object, check to make sure this command returns at least one valid object.
WARNING: [Vivado 12-584] No ports matched 'vn_in'. [Z:/FPGA/Railway_System/Railway_System_S2/hx75_key_7seg.srcs/constrs_1/imports/DSD/7A75_FPGA_IO.xdc:40]
CRITICAL WARNING: [Common 17-55] 'set_property' expects at least one object. [Z:/FPGA/Railway_System/Railway_System_S2/hx75_key_7seg.srcs/constrs_1/imports/DSD/7A75_FPGA_IO.xdc:40]
Resolution: If [get_<value>] was used to populate the object, check to make sure this command returns at least one valid object.
WARNING: [Vivado 12-750] There are no ChipScope debug cores in this design. [Z:/FPGA/Railway_System/Railway_System_S2/hx75_key_7seg.srcs/constrs_1/imports/DSD/7A75_FPGA_IO.xdc:41]
CRITICAL WARNING: [Common 17-55] 'set_property' expects at least one object. [Z:/FPGA/Railway_System/Railway_System_S2/hx75_key_7seg.srcs/constrs_1/imports/DSD/7A75_FPGA_IO.xdc:41]
Resolution: If [get_<value>] was used to populate the object, check to make sure this command returns at least one valid object.
WARNING: [Vivado 12-750] There are no ChipScope debug cores in this design. [Z:/FPGA/Railway_System/Railway_System_S2/hx75_key_7seg.srcs/constrs_1/imports/DSD/7A75_FPGA_IO.xdc:42]
CRITICAL WARNING: [Common 17-55] 'set_property' expects at least one object. [Z:/FPGA/Railway_System/Railway_System_S2/hx75_key_7seg.srcs/constrs_1/imports/DSD/7A75_FPGA_IO.xdc:42]
Resolution: If [get_<value>] was used to populate the object, check to make sure this command returns at least one valid object.
WARNING: [Vivado 12-750] There are no ChipScope debug cores in this design. [Z:/FPGA/Railway_System/Railway_System_S2/hx75_key_7seg.srcs/constrs_1/imports/DSD/7A75_FPGA_IO.xdc:43]
CRITICAL WARNING: [Common 17-55] 'set_property' expects at least one object. [Z:/FPGA/Railway_System/Railway_System_S2/hx75_key_7seg.srcs/constrs_1/imports/DSD/7A75_FPGA_IO.xdc:43]
Resolution: If [get_<value>] was used to populate the object, check to make sure this command returns at least one valid object.
CRITICAL WARNING: [Vivado 12-1419] Debug core 'dbg_hub' was not found. [Z:/FPGA/Railway_System/Railway_System_S2/hx75_key_7seg.srcs/constrs_1/imports/DSD/7A75_FPGA_IO.xdc:44]
WARNING: [Vivado 12-584] No ports matched 'VGA_VSYNC'. [Z:/FPGA/Railway_System/Railway_System_S2/hx75_key_7seg.srcs/constrs_1/imports/DSD/7A75_FPGA_IO.xdc:67]
CRITICAL WARNING: [Common 17-55] 'set_property' expects at least one object. [Z:/FPGA/Railway_System/Railway_System_S2/hx75_key_7seg.srcs/constrs_1/imports/DSD/7A75_FPGA_IO.xdc:67]
Resolution: If [get_<value>] was used to populate the object, check to make sure this command returns at least one valid object.
WARNING: [Vivado 12-584] No ports matched 'VGA_HSYNC'. [Z:/FPGA/Railway_System/Railway_System_S2/hx75_key_7seg.srcs/constrs_1/imports/DSD/7A75_FPGA_IO.xdc:68]
CRITICAL WARNING: [Common 17-55] 'set_property' expects at least one object. [Z:/FPGA/Railway_System/Railway_System_S2/hx75_key_7seg.srcs/constrs_1/imports/DSD/7A75_FPGA_IO.xdc:68]
Resolution: If [get_<value>] was used to populate the object, check to make sure this command returns at least one valid object.
WARNING: [Vivado 12-584] No ports matched 'VGA_D[0]'. [Z:/FPGA/Railway_System/Railway_System_S2/hx75_key_7seg.srcs/constrs_1/imports/DSD/7A75_FPGA_IO.xdc:69]
CRITICAL WARNING: [Common 17-161] Invalid option value '//VGA' specified for 'objects'. [Z:/FPGA/Railway_System/Railway_System_S2/hx75_key_7seg.srcs/constrs_1/imports/DSD/7A75_FPGA_IO.xdc:69]
WARNING: [Vivado 12-584] No ports matched 'VGA_D[1]'. [Z:/FPGA/Railway_System/Railway_System_S2/hx75_key_7seg.srcs/constrs_1/imports/DSD/7A75_FPGA_IO.xdc:70]
CRITICAL WARNING: [Common 17-161] Invalid option value '//VGA' specified for 'objects'. [Z:/FPGA/Railway_System/Railway_System_S2/hx75_key_7seg.srcs/constrs_1/imports/DSD/7A75_FPGA_IO.xdc:70]
WARNING: [Vivado 12-584] No ports matched 'VGA_D[2]'. [Z:/FPGA/Railway_System/Railway_System_S2/hx75_key_7seg.srcs/constrs_1/imports/DSD/7A75_FPGA_IO.xdc:71]
CRITICAL WARNING: [Common 17-161] Invalid option value '//VGA' specified for 'objects'. [Z:/FPGA/Railway_System/Railway_System_S2/hx75_key_7seg.srcs/constrs_1/imports/DSD/7A75_FPGA_IO.xdc:71]
WARNING: [Vivado 12-584] No ports matched 'VGA_HSYNC'. [Z:/FPGA/Railway_System/Railway_System_S2/hx75_key_7seg.srcs/constrs_1/imports/DSD/7A75_FPGA_IO.xdc:72]
CRITICAL WARNING: [Common 17-55] 'set_property' expects at least one object. [Z:/FPGA/Railway_System/Railway_System_S2/hx75_key_7seg.srcs/constrs_1/imports/DSD/7A75_FPGA_IO.xdc:72]
Resolution: If [get_<value>] was used to populate the object, check to make sure this command returns at least one valid object.
WARNING: [Vivado 12-584] No ports matched 'VGA_VSYNC'. [Z:/FPGA/Railway_System/Railway_System_S2/hx75_key_7seg.srcs/constrs_1/imports/DSD/7A75_FPGA_IO.xdc:73]
CRITICAL WARNING: [Common 17-55] 'set_property' expects at least one object. [Z:/FPGA/Railway_System/Railway_System_S2/hx75_key_7seg.srcs/constrs_1/imports/DSD/7A75_FPGA_IO.xdc:73]
Resolution: If [get_<value>] was used to populate the object, check to make sure this command returns at least one valid object.
WARNING: [Vivado 12-584] No ports matched 'VGA_D[2]'. [Z:/FPGA/Railway_System/Railway_System_S2/hx75_key_7seg.srcs/constrs_1/imports/DSD/7A75_FPGA_IO.xdc:74]
CRITICAL WARNING: [Common 17-55] 'set_property' expects at least one object. [Z:/FPGA/Railway_System/Railway_System_S2/hx75_key_7seg.srcs/constrs_1/imports/DSD/7A75_FPGA_IO.xdc:74]
Resolution: If [get_<value>] was used to populate the object, check to make sure this command returns at least one valid object.
WARNING: [Vivado 12-584] No ports matched 'VGA_D[1]'. [Z:/FPGA/Railway_System/Railway_System_S2/hx75_key_7seg.srcs/constrs_1/imports/DSD/7A75_FPGA_IO.xdc:75]
CRITICAL WARNING: [Common 17-55] 'set_property' expects at least one object. [Z:/FPGA/Railway_System/Railway_System_S2/hx75_key_7seg.srcs/constrs_1/imports/DSD/7A75_FPGA_IO.xdc:75]
Resolution: If [get_<value>] was used to populate the object, check to make sure this command returns at least one valid object.
WARNING: [Vivado 12-584] No ports matched 'VGA_D[0]'. [Z:/FPGA/Railway_System/Railway_System_S2/hx75_key_7seg.srcs/constrs_1/imports/DSD/7A75_FPGA_IO.xdc:76]
CRITICAL WARNING: [Common 17-55] 'set_property' expects at least one object. [Z:/FPGA/Railway_System/Railway_System_S2/hx75_key_7seg.srcs/constrs_1/imports/DSD/7A75_FPGA_IO.xdc:76]
Resolution: If [get_<value>] was used to populate the object, check to make sure this command returns at least one valid object.
WARNING: [Vivado 12-584] No ports matched 'tmds_data_p[0]'. [Z:/FPGA/Railway_System/Railway_System_S2/hx75_key_7seg.srcs/constrs_1/imports/DSD/7A75_FPGA_IO.xdc:81]
CRITICAL WARNING: [Common 17-55] 'set_property' expects at least one object. [Z:/FPGA/Railway_System/Railway_System_S2/hx75_key_7seg.srcs/constrs_1/imports/DSD/7A75_FPGA_IO.xdc:81]
Resolution: If [get_<value>] was used to populate the object, check to make sure this command returns at least one valid object.
WARNING: [Vivado 12-584] No ports matched 'tmds_data_p[1]'. [Z:/FPGA/Railway_System/Railway_System_S2/hx75_key_7seg.srcs/constrs_1/imports/DSD/7A75_FPGA_IO.xdc:82]
CRITICAL WARNING: [Common 17-55] 'set_property' expects at least one object. [Z:/FPGA/Railway_System/Railway_System_S2/hx75_key_7seg.srcs/constrs_1/imports/DSD/7A75_FPGA_IO.xdc:82]
Resolution: If [get_<value>] was used to populate the object, check to make sure this command returns at least one valid object.
WARNING: [Vivado 12-584] No ports matched 'tmds_data_p[2]'. [Z:/FPGA/Railway_System/Railway_System_S2/hx75_key_7seg.srcs/constrs_1/imports/DSD/7A75_FPGA_IO.xdc:83]
CRITICAL WARNING: [Common 17-55] 'set_property' expects at least one object. [Z:/FPGA/Railway_System/Railway_System_S2/hx75_key_7seg.srcs/constrs_1/imports/DSD/7A75_FPGA_IO.xdc:83]
Resolution: If [get_<value>] was used to populate the object, check to make sure this command returns at least one valid object.
WARNING: [Vivado 12-584] No ports matched 'tmds_data_p[2]'. [Z:/FPGA/Railway_System/Railway_System_S2/hx75_key_7seg.srcs/constrs_1/imports/DSD/7A75_FPGA_IO.xdc:84]
CRITICAL WARNING: [Common 17-55] 'set_property' expects at least one object. [Z:/FPGA/Railway_System/Railway_System_S2/hx75_key_7seg.srcs/constrs_1/imports/DSD/7A75_FPGA_IO.xdc:84]
Resolution: If [get_<value>] was used to populate the object, check to make sure this command returns at least one valid object.
WARNING: [Vivado 12-584] No ports matched 'tmds_data_p[1]'. [Z:/FPGA/Railway_System/Railway_System_S2/hx75_key_7seg.srcs/constrs_1/imports/DSD/7A75_FPGA_IO.xdc:85]
CRITICAL WARNING: [Common 17-55] 'set_property' expects at least one object. [Z:/FPGA/Railway_System/Railway_System_S2/hx75_key_7seg.srcs/constrs_1/imports/DSD/7A75_FPGA_IO.xdc:85]
Resolution: If [get_<value>] was used to populate the object, check to make sure this command returns at least one valid object.
WARNING: [Vivado 12-584] No ports matched 'tmds_data_p[0]'. [Z:/FPGA/Railway_System/Railway_System_S2/hx75_key_7seg.srcs/constrs_1/imports/DSD/7A75_FPGA_IO.xdc:86]
CRITICAL WARNING: [Common 17-55] 'set_property' expects at least one object. [Z:/FPGA/Railway_System/Railway_System_S2/hx75_key_7seg.srcs/constrs_1/imports/DSD/7A75_FPGA_IO.xdc:86]
Resolution: If [get_<value>] was used to populate the object, check to make sure this command returns at least one valid object.
WARNING: [Vivado 12-584] No ports matched 'tmds_clk_p'. [Z:/FPGA/Railway_System/Railway_System_S2/hx75_key_7seg.srcs/constrs_1/imports/DSD/7A75_FPGA_IO.xdc:87]
CRITICAL WARNING: [Common 17-55] 'set_property' expects at least one object. [Z:/FPGA/Railway_System/Railway_System_S2/hx75_key_7seg.srcs/constrs_1/imports/DSD/7A75_FPGA_IO.xdc:87]
Resolution: If [get_<value>] was used to populate the object, check to make sure this command returns at least one valid object.
WARNING: [Vivado 12-584] No ports matched 'tmds_clk_p_A'. [Z:/FPGA/Railway_System/Railway_System_S2/hx75_key_7seg.srcs/constrs_1/imports/DSD/7A75_FPGA_IO.xdc:88]
CRITICAL WARNING: [Common 17-55] 'set_property' expects at least one object. [Z:/FPGA/Railway_System/Railway_System_S2/hx75_key_7seg.srcs/constrs_1/imports/DSD/7A75_FPGA_IO.xdc:88]
Resolution: If [get_<value>] was used to populate the object, check to make sure this command returns at least one valid object.
WARNING: [Vivado 12-584] No ports matched 'hpdin'. [Z:/FPGA/Railway_System/Railway_System_S2/hx75_key_7seg.srcs/constrs_1/imports/DSD/7A75_FPGA_IO.xdc:90]
CRITICAL WARNING: [Common 17-55] 'set_property' expects at least one object. [Z:/FPGA/Railway_System/Railway_System_S2/hx75_key_7seg.srcs/constrs_1/imports/DSD/7A75_FPGA_IO.xdc:90]
Resolution: If [get_<value>] was used to populate the object, check to make sure this command returns at least one valid object.
WARNING: [Vivado 12-584] No ports matched 'hpdin'. [Z:/FPGA/Railway_System/Railway_System_S2/hx75_key_7seg.srcs/constrs_1/imports/DSD/7A75_FPGA_IO.xdc:91]
CRITICAL WARNING: [Common 17-55] 'set_property' expects at least one object. [Z:/FPGA/Railway_System/Railway_System_S2/hx75_key_7seg.srcs/constrs_1/imports/DSD/7A75_FPGA_IO.xdc:91]
Resolution: If [get_<value>] was used to populate the object, check to make sure this command returns at least one valid object.
WARNING: [Vivado 12-584] No ports matched 'tmds_data_n_A[1]'. [Z:/FPGA/Railway_System/Railway_System_S2/hx75_key_7seg.srcs/constrs_1/imports/DSD/7A75_FPGA_IO.xdc:93]
CRITICAL WARNING: [Common 17-55] 'set_property' expects at least one object. [Z:/FPGA/Railway_System/Railway_System_S2/hx75_key_7seg.srcs/constrs_1/imports/DSD/7A75_FPGA_IO.xdc:93]
Resolution: If [get_<value>] was used to populate the object, check to make sure this command returns at least one valid object.
WARNING: [Vivado 12-584] No ports matched 'tmds_data_n_A[2]'. [Z:/FPGA/Railway_System/Railway_System_S2/hx75_key_7seg.srcs/constrs_1/imports/DSD/7A75_FPGA_IO.xdc:94]
CRITICAL WARNING: [Common 17-55] 'set_property' expects at least one object. [Z:/FPGA/Railway_System/Railway_System_S2/hx75_key_7seg.srcs/constrs_1/imports/DSD/7A75_FPGA_IO.xdc:94]
Resolution: If [get_<value>] was used to populate the object, check to make sure this command returns at least one valid object.
WARNING: [Vivado 12-584] No ports matched 'tmds_data_n_A[2]'. [Z:/FPGA/Railway_System/Railway_System_S2/hx75_key_7seg.srcs/constrs_1/imports/DSD/7A75_FPGA_IO.xdc:95]
CRITICAL WARNING: [Common 17-55] 'set_property' expects at least one object. [Z:/FPGA/Railway_System/Railway_System_S2/hx75_key_7seg.srcs/constrs_1/imports/DSD/7A75_FPGA_IO.xdc:95]
Resolution: If [get_<value>] was used to populate the object, check to make sure this command returns at least one valid object.
WARNING: [Vivado 12-584] No ports matched 'tmds_data_n_A[1]'. [Z:/FPGA/Railway_System/Railway_System_S2/hx75_key_7seg.srcs/constrs_1/imports/DSD/7A75_FPGA_IO.xdc:96]
CRITICAL WARNING: [Common 17-55] 'set_property' expects at least one object. [Z:/FPGA/Railway_System/Railway_System_S2/hx75_key_7seg.srcs/constrs_1/imports/DSD/7A75_FPGA_IO.xdc:96]
Resolution: If [get_<value>] was used to populate the object, check to make sure this command returns at least one valid object.
WARNING: [Vivado 12-584] No ports matched 'tmds_data_n_A[0]'. [Z:/FPGA/Railway_System/Railway_System_S2/hx75_key_7seg.srcs/constrs_1/imports/DSD/7A75_FPGA_IO.xdc:97]
CRITICAL WARNING: [Common 17-55] 'set_property' expects at least one object. [Z:/FPGA/Railway_System/Railway_System_S2/hx75_key_7seg.srcs/constrs_1/imports/DSD/7A75_FPGA_IO.xdc:97]
Resolution: If [get_<value>] was used to populate the object, check to make sure this command returns at least one valid object.
WARNING: [Vivado 12-584] No ports matched 'tmds_clk_n_A'. [Z:/FPGA/Railway_System/Railway_System_S2/hx75_key_7seg.srcs/constrs_1/imports/DSD/7A75_FPGA_IO.xdc:98]
CRITICAL WARNING: [Common 17-55] 'set_property' expects at least one object. [Z:/FPGA/Railway_System/Railway_System_S2/hx75_key_7seg.srcs/constrs_1/imports/DSD/7A75_FPGA_IO.xdc:98]
Resolution: If [get_<value>] was used to populate the object, check to make sure this command returns at least one valid object.
WARNING: [Vivado 12-584] No ports matched 'tmds_clk_n_A'. [Z:/FPGA/Railway_System/Railway_System_S2/hx75_key_7seg.srcs/constrs_1/imports/DSD/7A75_FPGA_IO.xdc:99]
CRITICAL WARNING: [Common 17-55] 'set_property' expects at least one object. [Z:/FPGA/Railway_System/Railway_System_S2/hx75_key_7seg.srcs/constrs_1/imports/DSD/7A75_FPGA_IO.xdc:99]
Resolution: If [get_<value>] was used to populate the object, check to make sure this command returns at least one valid object.
WARNING: [Vivado 12-584] No ports matched 'tmds_data_p_A[0]'. [Z:/FPGA/Railway_System/Railway_System_S2/hx75_key_7seg.srcs/constrs_1/imports/DSD/7A75_FPGA_IO.xdc:102]
CRITICAL WARNING: [Common 17-55] 'set_property' expects at least one object. [Z:/FPGA/Railway_System/Railway_System_S2/hx75_key_7seg.srcs/constrs_1/imports/DSD/7A75_FPGA_IO.xdc:102]
Resolution: If [get_<value>] was used to populate the object, check to make sure this command returns at least one valid object.
WARNING: [Vivado 12-584] No ports matched 'tmds_data_p_A[1]'. [Z:/FPGA/Railway_System/Railway_System_S2/hx75_key_7seg.srcs/constrs_1/imports/DSD/7A75_FPGA_IO.xdc:103]
CRITICAL WARNING: [Common 17-55] 'set_property' expects at least one object. [Z:/FPGA/Railway_System/Railway_System_S2/hx75_key_7seg.srcs/constrs_1/imports/DSD/7A75_FPGA_IO.xdc:103]
Resolution: If [get_<value>] was used to populate the object, check to make sure this command returns at least one valid object.
WARNING: [Vivado 12-584] No ports matched 'tmds_data_p_A[2]'. [Z:/FPGA/Railway_System/Railway_System_S2/hx75_key_7seg.srcs/constrs_1/imports/DSD/7A75_FPGA_IO.xdc:104]
CRITICAL WARNING: [Common 17-55] 'set_property' expects at least one object. [Z:/FPGA/Railway_System/Railway_System_S2/hx75_key_7seg.srcs/constrs_1/imports/DSD/7A75_FPGA_IO.xdc:104]
Resolution: If [get_<value>] was used to populate the object, check to make sure this command returns at least one valid object.
WARNING: [Vivado 12-584] No ports matched 'tmds_data_p_A[2]'. [Z:/FPGA/Railway_System/Railway_System_S2/hx75_key_7seg.srcs/constrs_1/imports/DSD/7A75_FPGA_IO.xdc:105]
CRITICAL WARNING: [Common 17-55] 'set_property' expects at least one object. [Z:/FPGA/Railway_System/Railway_System_S2/hx75_key_7seg.srcs/constrs_1/imports/DSD/7A75_FPGA_IO.xdc:105]
Resolution: If [get_<value>] was used to populate the object, check to make sure this command returns at least one valid object.
WARNING: [Vivado 12-584] No ports matched 'tmds_data_p_A[1]'. [Z:/FPGA/Railway_System/Railway_System_S2/hx75_key_7seg.srcs/constrs_1/imports/DSD/7A75_FPGA_IO.xdc:106]
CRITICAL WARNING: [Common 17-55] 'set_property' expects at least one object. [Z:/FPGA/Railway_System/Railway_System_S2/hx75_key_7seg.srcs/constrs_1/imports/DSD/7A75_FPGA_IO.xdc:106]
Resolution: If [get_<value>] was used to populate the object, check to make sure this command returns at least one valid object.
WARNING: [Vivado 12-584] No ports matched 'tmds_data_p_A[0]'. [Z:/FPGA/Railway_System/Railway_System_S2/hx75_key_7seg.srcs/constrs_1/imports/DSD/7A75_FPGA_IO.xdc:107]
CRITICAL WARNING: [Common 17-55] 'set_property' expects at least one object. [Z:/FPGA/Railway_System/Railway_System_S2/hx75_key_7seg.srcs/constrs_1/imports/DSD/7A75_FPGA_IO.xdc:107]
Resolution: If [get_<value>] was used to populate the object, check to make sure this command returns at least one valid object.
WARNING: [Vivado 12-584] No ports matched 'tmds_clk_p_A'. [Z:/FPGA/Railway_System/Railway_System_S2/hx75_key_7seg.srcs/constrs_1/imports/DSD/7A75_FPGA_IO.xdc:108]
CRITICAL WARNING: [Common 17-55] 'set_property' expects at least one object. [Z:/FPGA/Railway_System/Railway_System_S2/hx75_key_7seg.srcs/constrs_1/imports/DSD/7A75_FPGA_IO.xdc:108]
Resolution: If [get_<value>] was used to populate the object, check to make sure this command returns at least one valid object.
WARNING: [Vivado 12-584] No ports matched 'tmds_clk_p_A'. [Z:/FPGA/Railway_System/Railway_System_S2/hx75_key_7seg.srcs/constrs_1/imports/DSD/7A75_FPGA_IO.xdc:109]
CRITICAL WARNING: [Common 17-55] 'set_property' expects at least one object. [Z:/FPGA/Railway_System/Railway_System_S2/hx75_key_7seg.srcs/constrs_1/imports/DSD/7A75_FPGA_IO.xdc:109]
Resolution: If [get_<value>] was used to populate the object, check to make sure this command returns at least one valid object.
WARNING: [Vivado 12-584] No ports matched 'hpdin'. [Z:/FPGA/Railway_System/Railway_System_S2/hx75_key_7seg.srcs/constrs_1/imports/DSD/7A75_FPGA_IO.xdc:110]
CRITICAL WARNING: [Common 17-55] 'set_property' expects at least one object. [Z:/FPGA/Railway_System/Railway_System_S2/hx75_key_7seg.srcs/constrs_1/imports/DSD/7A75_FPGA_IO.xdc:110]
Resolution: If [get_<value>] was used to populate the object, check to make sure this command returns at least one valid object.
WARNING: [Vivado 12-584] No ports matched 'hpdin'. [Z:/FPGA/Railway_System/Railway_System_S2/hx75_key_7seg.srcs/constrs_1/imports/DSD/7A75_FPGA_IO.xdc:111]
CRITICAL WARNING: [Common 17-55] 'set_property' expects at least one object. [Z:/FPGA/Railway_System/Railway_System_S2/hx75_key_7seg.srcs/constrs_1/imports/DSD/7A75_FPGA_IO.xdc:111]
Resolution: If [get_<value>] was used to populate the object, check to make sure this command returns at least one valid object.
WARNING: [Vivado 12-584] No ports matched 'tmds_data_n_A[1]'. [Z:/FPGA/Railway_System/Railway_System_S2/hx75_key_7seg.srcs/constrs_1/imports/DSD/7A75_FPGA_IO.xdc:113]
CRITICAL WARNING: [Common 17-55] 'set_property' expects at least one object. [Z:/FPGA/Railway_System/Railway_System_S2/hx75_key_7seg.srcs/constrs_1/imports/DSD/7A75_FPGA_IO.xdc:113]
Resolution: If [get_<value>] was used to populate the object, check to make sure this command returns at least one valid object.
WARNING: [Vivado 12-584] No ports matched 'tmds_data_n_A[2]'. [Z:/FPGA/Railway_System/Railway_System_S2/hx75_key_7seg.srcs/constrs_1/imports/DSD/7A75_FPGA_IO.xdc:114]
CRITICAL WARNING: [Common 17-55] 'set_property' expects at least one object. [Z:/FPGA/Railway_System/Railway_System_S2/hx75_key_7seg.srcs/constrs_1/imports/DSD/7A75_FPGA_IO.xdc:114]
Resolution: If [get_<value>] was used to populate the object, check to make sure this command returns at least one valid object.
WARNING: [Vivado 12-584] No ports matched 'tmds_data_n_A[2]'. [Z:/FPGA/Railway_System/Railway_System_S2/hx75_key_7seg.srcs/constrs_1/imports/DSD/7A75_FPGA_IO.xdc:115]
CRITICAL WARNING: [Common 17-55] 'set_property' expects at least one object. [Z:/FPGA/Railway_System/Railway_System_S2/hx75_key_7seg.srcs/constrs_1/imports/DSD/7A75_FPGA_IO.xdc:115]
Resolution: If [get_<value>] was used to populate the object, check to make sure this command returns at least one valid object.
WARNING: [Vivado 12-584] No ports matched 'tmds_data_n_A[1]'. [Z:/FPGA/Railway_System/Railway_System_S2/hx75_key_7seg.srcs/constrs_1/imports/DSD/7A75_FPGA_IO.xdc:116]
CRITICAL WARNING: [Common 17-55] 'set_property' expects at least one object. [Z:/FPGA/Railway_System/Railway_System_S2/hx75_key_7seg.srcs/constrs_1/imports/DSD/7A75_FPGA_IO.xdc:116]
Resolution: If [get_<value>] was used to populate the object, check to make sure this command returns at least one valid object.
WARNING: [Vivado 12-584] No ports matched 'tmds_data_n_A[0]'. [Z:/FPGA/Railway_System/Railway_System_S2/hx75_key_7seg.srcs/constrs_1/imports/DSD/7A75_FPGA_IO.xdc:117]
CRITICAL WARNING: [Common 17-55] 'set_property' expects at least one object. [Z:/FPGA/Railway_System/Railway_System_S2/hx75_key_7seg.srcs/constrs_1/imports/DSD/7A75_FPGA_IO.xdc:117]
Resolution: If [get_<value>] was used to populate the object, check to make sure this command returns at least one valid object.
WARNING: [Vivado 12-584] No ports matched 'tmds_clk_n_A'. [Z:/FPGA/Railway_System/Railway_System_S2/hx75_key_7seg.srcs/constrs_1/imports/DSD/7A75_FPGA_IO.xdc:118]
CRITICAL WARNING: [Common 17-55] 'set_property' expects at least one object. [Z:/FPGA/Railway_System/Railway_System_S2/hx75_key_7seg.srcs/constrs_1/imports/DSD/7A75_FPGA_IO.xdc:118]
Resolution: If [get_<value>] was used to populate the object, check to make sure this command returns at least one valid object.
WARNING: [Vivado 12-584] No ports matched 'tmds_clk_n_A'. [Z:/FPGA/Railway_System/Railway_System_S2/hx75_key_7seg.srcs/constrs_1/imports/DSD/7A75_FPGA_IO.xdc:119]
CRITICAL WARNING: [Common 17-55] 'set_property' expects at least one object. [Z:/FPGA/Railway_System/Railway_System_S2/hx75_key_7seg.srcs/constrs_1/imports/DSD/7A75_FPGA_IO.xdc:119]
Resolution: If [get_<value>] was used to populate the object, check to make sure this command returns at least one valid object.
WARNING: [Vivado 12-584] No ports matched 'cam_pclk'. [Z:/FPGA/Railway_System/Railway_System_S2/hx75_key_7seg.srcs/constrs_1/imports/DSD/7A75_FPGA_IO.xdc:122]
CRITICAL WARNING: [Vivado 12-4739] create_clock:No valid object(s) found for '-objects [get_ports cam_pclk]'. [Z:/FPGA/Railway_System/Railway_System_S2/hx75_key_7seg.srcs/constrs_1/imports/DSD/7A75_FPGA_IO.xdc:122]
Resolution: Check if the specified object(s) exists in the current design. If it does, ensure that the correct design hierarchy was specified for the object. If you are working with clocks, make sure create_clock was used to create the clock object before it is referenced.
WARNING: [Vivado 12-507] No nets matched 'cam_pclk_IBUF'. [Z:/FPGA/Railway_System/Railway_System_S2/hx75_key_7seg.srcs/constrs_1/imports/DSD/7A75_FPGA_IO.xdc:123]
CRITICAL WARNING: [Common 17-55] 'set_property' expects at least one object. [Z:/FPGA/Railway_System/Railway_System_S2/hx75_key_7seg.srcs/constrs_1/imports/DSD/7A75_FPGA_IO.xdc:123]
Resolution: If [get_<value>] was used to populate the object, check to make sure this command returns at least one valid object.
WARNING: [Vivado 12-584] No ports matched 'cam_pclk'. [Z:/FPGA/Railway_System/Railway_System_S2/hx75_key_7seg.srcs/constrs_1/imports/DSD/7A75_FPGA_IO.xdc:124]
CRITICAL WARNING: [Common 17-55] 'set_property' expects at least one object. [Z:/FPGA/Railway_System/Railway_System_S2/hx75_key_7seg.srcs/constrs_1/imports/DSD/7A75_FPGA_IO.xdc:124]
Resolution: If [get_<value>] was used to populate the object, check to make sure this command returns at least one valid object.
WARNING: [Vivado 12-584] No ports matched 'cam_rst_n'. [Z:/FPGA/Railway_System/Railway_System_S2/hx75_key_7seg.srcs/constrs_1/imports/DSD/7A75_FPGA_IO.xdc:125]
CRITICAL WARNING: [Common 17-55] 'set_property' expects at least one object. [Z:/FPGA/Railway_System/Railway_System_S2/hx75_key_7seg.srcs/constrs_1/imports/DSD/7A75_FPGA_IO.xdc:125]
Resolution: If [get_<value>] was used to populate the object, check to make sure this command returns at least one valid object.
WARNING: [Vivado 12-584] No ports matched 'cam_pwdn'. [Z:/FPGA/Railway_System/Railway_System_S2/hx75_key_7seg.srcs/constrs_1/imports/DSD/7A75_FPGA_IO.xdc:126]
CRITICAL WARNING: [Common 17-55] 'set_property' expects at least one object. [Z:/FPGA/Railway_System/Railway_System_S2/hx75_key_7seg.srcs/constrs_1/imports/DSD/7A75_FPGA_IO.xdc:126]
Resolution: If [get_<value>] was used to populate the object, check to make sure this command returns at least one valid object.
WARNING: [Vivado 12-584] No ports matched 'cam_data[0]'. [Z:/FPGA/Railway_System/Railway_System_S2/hx75_key_7seg.srcs/constrs_1/imports/DSD/7A75_FPGA_IO.xdc:127]
CRITICAL WARNING: [Common 17-55] 'set_property' expects at least one object. [Z:/FPGA/Railway_System/Railway_System_S2/hx75_key_7seg.srcs/constrs_1/imports/DSD/7A75_FPGA_IO.xdc:127]
Resolution: If [get_<value>] was used to populate the object, check to make sure this command returns at least one valid object.
WARNING: [Vivado 12-584] No ports matched 'cam_data[1]'. [Z:/FPGA/Railway_System/Railway_System_S2/hx75_key_7seg.srcs/constrs_1/imports/DSD/7A75_FPGA_IO.xdc:128]
CRITICAL WARNING: [Common 17-55] 'set_property' expects at least one object. [Z:/FPGA/Railway_System/Railway_System_S2/hx75_key_7seg.srcs/constrs_1/imports/DSD/7A75_FPGA_IO.xdc:128]
Resolution: If [get_<value>] was used to populate the object, check to make sure this command returns at least one valid object.
WARNING: [Vivado 12-584] No ports matched 'cam_data[2]'. [Z:/FPGA/Railway_System/Railway_System_S2/hx75_key_7seg.srcs/constrs_1/imports/DSD/7A75_FPGA_IO.xdc:129]
CRITICAL WARNING: [Common 17-55] 'set_property' expects at least one object. [Z:/FPGA/Railway_System/Railway_System_S2/hx75_key_7seg.srcs/constrs_1/imports/DSD/7A75_FPGA_IO.xdc:129]
Resolution: If [get_<value>] was used to populate the object, check to make sure this command returns at least one valid object.
WARNING: [Vivado 12-584] No ports matched 'cam_data[3]'. [Z:/FPGA/Railway_System/Railway_System_S2/hx75_key_7seg.srcs/constrs_1/imports/DSD/7A75_FPGA_IO.xdc:130]
CRITICAL WARNING: [Common 17-55] 'set_property' expects at least one object. [Z:/FPGA/Railway_System/Railway_System_S2/hx75_key_7seg.srcs/constrs_1/imports/DSD/7A75_FPGA_IO.xdc:130]
Resolution: If [get_<value>] was used to populate the object, check to make sure this command returns at least one valid object.
WARNING: [Vivado 12-584] No ports matched 'cam_data[4]'. [Z:/FPGA/Railway_System/Railway_System_S2/hx75_key_7seg.srcs/constrs_1/imports/DSD/7A75_FPGA_IO.xdc:131]
CRITICAL WARNING: [Common 17-55] 'set_property' expects at least one object. [Z:/FPGA/Railway_System/Railway_System_S2/hx75_key_7seg.srcs/constrs_1/imports/DSD/7A75_FPGA_IO.xdc:131]
Resolution: If [get_<value>] was used to populate the object, check to make sure this command returns at least one valid object.
WARNING: [Vivado 12-584] No ports matched 'cam_data[5]'. [Z:/FPGA/Railway_System/Railway_System_S2/hx75_key_7seg.srcs/constrs_1/imports/DSD/7A75_FPGA_IO.xdc:132]
CRITICAL WARNING: [Common 17-55] 'set_property' expects at least one object. [Z:/FPGA/Railway_System/Railway_System_S2/hx75_key_7seg.srcs/constrs_1/imports/DSD/7A75_FPGA_IO.xdc:132]
Resolution: If [get_<value>] was used to populate the object, check to make sure this command returns at least one valid object.
WARNING: [Vivado 12-584] No ports matched 'cam_data[6]'. [Z:/FPGA/Railway_System/Railway_System_S2/hx75_key_7seg.srcs/constrs_1/imports/DSD/7A75_FPGA_IO.xdc:133]
CRITICAL WARNING: [Common 17-55] 'set_property' expects at least one object. [Z:/FPGA/Railway_System/Railway_System_S2/hx75_key_7seg.srcs/constrs_1/imports/DSD/7A75_FPGA_IO.xdc:133]
Resolution: If [get_<value>] was used to populate the object, check to make sure this command returns at least one valid object.
WARNING: [Vivado 12-584] No ports matched 'cam_data[7]'. [Z:/FPGA/Railway_System/Railway_System_S2/hx75_key_7seg.srcs/constrs_1/imports/DSD/7A75_FPGA_IO.xdc:134]
CRITICAL WARNING: [Common 17-55] 'set_property' expects at least one object. [Z:/FPGA/Railway_System/Railway_System_S2/hx75_key_7seg.srcs/constrs_1/imports/DSD/7A75_FPGA_IO.xdc:134]
Resolution: If [get_<value>] was used to populate the object, check to make sure this command returns at least one valid object.
WARNING: [Vivado 12-584] No ports matched 'cam_vsync'. [Z:/FPGA/Railway_System/Railway_System_S2/hx75_key_7seg.srcs/constrs_1/imports/DSD/7A75_FPGA_IO.xdc:135]
CRITICAL WARNING: [Common 17-55] 'set_property' expects at least one object. [Z:/FPGA/Railway_System/Railway_System_S2/hx75_key_7seg.srcs/constrs_1/imports/DSD/7A75_FPGA_IO.xdc:135]
Resolution: If [get_<value>] was used to populate the object, check to make sure this command returns at least one valid object.
WARNING: [Vivado 12-584] No ports matched 'cam_href'. [Z:/FPGA/Railway_System/Railway_System_S2/hx75_key_7seg.srcs/constrs_1/imports/DSD/7A75_FPGA_IO.xdc:136]
CRITICAL WARNING: [Common 17-55] 'set_property' expects at least one object. [Z:/FPGA/Railway_System/Railway_System_S2/hx75_key_7seg.srcs/constrs_1/imports/DSD/7A75_FPGA_IO.xdc:136]
Resolution: If [get_<value>] was used to populate the object, check to make sure this command returns at least one valid object.
WARNING: [Vivado 12-584] No ports matched 'cam_scl'. [Z:/FPGA/Railway_System/Railway_System_S2/hx75_key_7seg.srcs/constrs_1/imports/DSD/7A75_FPGA_IO.xdc:137]
CRITICAL WARNING: [Common 17-55] 'set_property' expects at least one object. [Z:/FPGA/Railway_System/Railway_System_S2/hx75_key_7seg.srcs/constrs_1/imports/DSD/7A75_FPGA_IO.xdc:137]
Resolution: If [get_<value>] was used to populate the object, check to make sure this command returns at least one valid object.
WARNING: [Vivado 12-584] No ports matched 'cam_sda'. [Z:/FPGA/Railway_System/Railway_System_S2/hx75_key_7seg.srcs/constrs_1/imports/DSD/7A75_FPGA_IO.xdc:138]
CRITICAL WARNING: [Common 17-55] 'set_property' expects at least one object. [Z:/FPGA/Railway_System/Railway_System_S2/hx75_key_7seg.srcs/constrs_1/imports/DSD/7A75_FPGA_IO.xdc:138]
Resolution: If [get_<value>] was used to populate the object, check to make sure this command returns at least one valid object.
WARNING: [Vivado 12-584] No ports matched 'eth_rst_n'. [Z:/FPGA/Railway_System/Railway_System_S2/hx75_key_7seg.srcs/constrs_1/imports/DSD/7A75_FPGA_IO.xdc:141]
CRITICAL WARNING: [Common 17-55] 'set_property' expects at least one object. [Z:/FPGA/Railway_System/Railway_System_S2/hx75_key_7seg.srcs/constrs_1/imports/DSD/7A75_FPGA_IO.xdc:141]
Resolution: If [get_<value>] was used to populate the object, check to make sure this command returns at least one valid object.
WARNING: [Vivado 12-584] No ports matched 'eth_rxc'. [Z:/FPGA/Railway_System/Railway_System_S2/hx75_key_7seg.srcs/constrs_1/imports/DSD/7A75_FPGA_IO.xdc:142]
CRITICAL WARNING: [Common 17-55] 'set_property' expects at least one object. [Z:/FPGA/Railway_System/Railway_System_S2/hx75_key_7seg.srcs/constrs_1/imports/DSD/7A75_FPGA_IO.xdc:142]
Resolution: If [get_<value>] was used to populate the object, check to make sure this command returns at least one valid object.
WARNING: [Vivado 12-584] No ports matched 'eth_rx_ctl'. [Z:/FPGA/Railway_System/Railway_System_S2/hx75_key_7seg.srcs/constrs_1/imports/DSD/7A75_FPGA_IO.xdc:143]
CRITICAL WARNING: [Common 17-55] 'set_property' expects at least one object. [Z:/FPGA/Railway_System/Railway_System_S2/hx75_key_7seg.srcs/constrs_1/imports/DSD/7A75_FPGA_IO.xdc:143]
Resolution: If [get_<value>] was used to populate the object, check to make sure this command returns at least one valid object.
WARNING: [Vivado 12-584] No ports matched 'eth_rxd[0]'. [Z:/FPGA/Railway_System/Railway_System_S2/hx75_key_7seg.srcs/constrs_1/imports/DSD/7A75_FPGA_IO.xdc:144]
CRITICAL WARNING: [Common 17-55] 'set_property' expects at least one object. [Z:/FPGA/Railway_System/Railway_System_S2/hx75_key_7seg.srcs/constrs_1/imports/DSD/7A75_FPGA_IO.xdc:144]
Resolution: If [get_<value>] was used to populate the object, check to make sure this command returns at least one valid object.
WARNING: [Vivado 12-584] No ports matched 'eth_rxd[1]'. [Z:/FPGA/Railway_System/Railway_System_S2/hx75_key_7seg.srcs/constrs_1/imports/DSD/7A75_FPGA_IO.xdc:145]
CRITICAL WARNING: [Common 17-55] 'set_property' expects at least one object. [Z:/FPGA/Railway_System/Railway_System_S2/hx75_key_7seg.srcs/constrs_1/imports/DSD/7A75_FPGA_IO.xdc:145]
Resolution: If [get_<value>] was used to populate the object, check to make sure this command returns at least one valid object.
WARNING: [Vivado 12-584] No ports matched 'eth_rxd[2]'. [Z:/FPGA/Railway_System/Railway_System_S2/hx75_key_7seg.srcs/constrs_1/imports/DSD/7A75_FPGA_IO.xdc:146]
CRITICAL WARNING: [Common 17-55] 'set_property' expects at least one object. [Z:/FPGA/Railway_System/Railway_System_S2/hx75_key_7seg.srcs/constrs_1/imports/DSD/7A75_FPGA_IO.xdc:146]
Resolution: If [get_<value>] was used to populate the object, check to make sure this command returns at least one valid object.
WARNING: [Vivado 12-584] No ports matched 'eth_rxd[3]'. [Z:/FPGA/Railway_System/Railway_System_S2/hx75_key_7seg.srcs/constrs_1/imports/DSD/7A75_FPGA_IO.xdc:147]
CRITICAL WARNING: [Common 17-55] 'set_property' expects at least one object. [Z:/FPGA/Railway_System/Railway_System_S2/hx75_key_7seg.srcs/constrs_1/imports/DSD/7A75_FPGA_IO.xdc:147]
Resolution: If [get_<value>] was used to populate the object, check to make sure this command returns at least one valid object.
WARNING: [Vivado 12-584] No ports matched 'eth_txc'. [Z:/FPGA/Railway_System/Railway_System_S2/hx75_key_7seg.srcs/constrs_1/imports/DSD/7A75_FPGA_IO.xdc:149]
CRITICAL WARNING: [Common 17-55] 'set_property' expects at least one object. [Z:/FPGA/Railway_System/Railway_System_S2/hx75_key_7seg.srcs/constrs_1/imports/DSD/7A75_FPGA_IO.xdc:149]
Resolution: If [get_<value>] was used to populate the object, check to make sure this command returns at least one valid object.
WARNING: [Vivado 12-584] No ports matched 'eth_tx_ctl'. [Z:/FPGA/Railway_System/Railway_System_S2/hx75_key_7seg.srcs/constrs_1/imports/DSD/7A75_FPGA_IO.xdc:150]
CRITICAL WARNING: [Common 17-55] 'set_property' expects at least one object. [Z:/FPGA/Railway_System/Railway_System_S2/hx75_key_7seg.srcs/constrs_1/imports/DSD/7A75_FPGA_IO.xdc:150]
Resolution: If [get_<value>] was used to populate the object, check to make sure this command returns at least one valid object.
WARNING: [Vivado 12-584] No ports matched 'eth_txd[0]'. [Z:/FPGA/Railway_System/Railway_System_S2/hx75_key_7seg.srcs/constrs_1/imports/DSD/7A75_FPGA_IO.xdc:152]
CRITICAL WARNING: [Common 17-55] 'set_property' expects at least one object. [Z:/FPGA/Railway_System/Railway_System_S2/hx75_key_7seg.srcs/constrs_1/imports/DSD/7A75_FPGA_IO.xdc:152]
Resolution: If [get_<value>] was used to populate the object, check to make sure this command returns at least one valid object.
WARNING: [Vivado 12-584] No ports matched 'eth_txd[1]'. [Z:/FPGA/Railway_System/Railway_System_S2/hx75_key_7seg.srcs/constrs_1/imports/DSD/7A75_FPGA_IO.xdc:153]
CRITICAL WARNING: [Common 17-55] 'set_property' expects at least one object. [Z:/FPGA/Railway_System/Railway_System_S2/hx75_key_7seg.srcs/constrs_1/imports/DSD/7A75_FPGA_IO.xdc:153]
Resolution: If [get_<value>] was used to populate the object, check to make sure this command returns at least one valid object.
WARNING: [Vivado 12-584] No ports matched 'eth_txd[2]'. [Z:/FPGA/Railway_System/Railway_System_S2/hx75_key_7seg.srcs/constrs_1/imports/DSD/7A75_FPGA_IO.xdc:154]
CRITICAL WARNING: [Common 17-55] 'set_property' expects at least one object. [Z:/FPGA/Railway_System/Railway_System_S2/hx75_key_7seg.srcs/constrs_1/imports/DSD/7A75_FPGA_IO.xdc:154]
Resolution: If [get_<value>] was used to populate the object, check to make sure this command returns at least one valid object.
WARNING: [Vivado 12-584] No ports matched 'eth_txd[3]'. [Z:/FPGA/Railway_System/Railway_System_S2/hx75_key_7seg.srcs/constrs_1/imports/DSD/7A75_FPGA_IO.xdc:155]
CRITICAL WARNING: [Common 17-55] 'set_property' expects at least one object. [Z:/FPGA/Railway_System/Railway_System_S2/hx75_key_7seg.srcs/constrs_1/imports/DSD/7A75_FPGA_IO.xdc:155]
Resolution: If [get_<value>] was used to populate the object, check to make sure this command returns at least one valid object.
WARNING: [Vivado 12-584] No ports matched 'P1IO[0]'. [Z:/FPGA/Railway_System/Railway_System_S2/hx75_key_7seg.srcs/constrs_1/imports/DSD/7A75_FPGA_IO.xdc:158]
CRITICAL WARNING: [Common 17-55] 'set_property' expects at least one object. [Z:/FPGA/Railway_System/Railway_System_S2/hx75_key_7seg.srcs/constrs_1/imports/DSD/7A75_FPGA_IO.xdc:158]
Resolution: If [get_<value>] was used to populate the object, check to make sure this command returns at least one valid object.
WARNING: [Vivado 12-584] No ports matched 'P1IO[1]'. [Z:/FPGA/Railway_System/Railway_System_S2/hx75_key_7seg.srcs/constrs_1/imports/DSD/7A75_FPGA_IO.xdc:159]
CRITICAL WARNING: [Common 17-55] 'set_property' expects at least one object. [Z:/FPGA/Railway_System/Railway_System_S2/hx75_key_7seg.srcs/constrs_1/imports/DSD/7A75_FPGA_IO.xdc:159]
Resolution: If [get_<value>] was used to populate the object, check to make sure this command returns at least one valid object.
WARNING: [Vivado 12-584] No ports matched 'P1IO[2]'. [Z:/FPGA/Railway_System/Railway_System_S2/hx75_key_7seg.srcs/constrs_1/imports/DSD/7A75_FPGA_IO.xdc:160]
CRITICAL WARNING: [Common 17-55] 'set_property' expects at least one object. [Z:/FPGA/Railway_System/Railway_System_S2/hx75_key_7seg.srcs/constrs_1/imports/DSD/7A75_FPGA_IO.xdc:160]
Resolution: If [get_<value>] was used to populate the object, check to make sure this command returns at least one valid object.
WARNING: [Vivado 12-584] No ports matched 'P1IO[3]'. [Z:/FPGA/Railway_System/Railway_System_S2/hx75_key_7seg.srcs/constrs_1/imports/DSD/7A75_FPGA_IO.xdc:161]
CRITICAL WARNING: [Common 17-55] 'set_property' expects at least one object. [Z:/FPGA/Railway_System/Railway_System_S2/hx75_key_7seg.srcs/constrs_1/imports/DSD/7A75_FPGA_IO.xdc:161]
Resolution: If [get_<value>] was used to populate the object, check to make sure this command returns at least one valid object.
WARNING: [Vivado 12-584] No ports matched 'P1IO[4]'. [Z:/FPGA/Railway_System/Railway_System_S2/hx75_key_7seg.srcs/constrs_1/imports/DSD/7A75_FPGA_IO.xdc:162]
CRITICAL WARNING: [Common 17-55] 'set_property' expects at least one object. [Z:/FPGA/Railway_System/Railway_System_S2/hx75_key_7seg.srcs/constrs_1/imports/DSD/7A75_FPGA_IO.xdc:162]
Resolution: If [get_<value>] was used to populate the object, check to make sure this command returns at least one valid object.
WARNING: [Vivado 12-584] No ports matched 'P1IO[5]'. [Z:/FPGA/Railway_System/Railway_System_S2/hx75_key_7seg.srcs/constrs_1/imports/DSD/7A75_FPGA_IO.xdc:163]
CRITICAL WARNING: [Common 17-55] 'set_property' expects at least one object. [Z:/FPGA/Railway_System/Railway_System_S2/hx75_key_7seg.srcs/constrs_1/imports/DSD/7A75_FPGA_IO.xdc:163]
Resolution: If [get_<value>] was used to populate the object, check to make sure this command returns at least one valid object.
WARNING: [Vivado 12-584] No ports matched 'P1IO[6]'. [Z:/FPGA/Railway_System/Railway_System_S2/hx75_key_7seg.srcs/constrs_1/imports/DSD/7A75_FPGA_IO.xdc:164]
CRITICAL WARNING: [Common 17-55] 'set_property' expects at least one object. [Z:/FPGA/Railway_System/Railway_System_S2/hx75_key_7seg.srcs/constrs_1/imports/DSD/7A75_FPGA_IO.xdc:164]
Resolution: If [get_<value>] was used to populate the object, check to make sure this command returns at least one valid object.
WARNING: [Vivado 12-584] No ports matched 'P1IO[7]'. [Z:/FPGA/Railway_System/Railway_System_S2/hx75_key_7seg.srcs/constrs_1/imports/DSD/7A75_FPGA_IO.xdc:165]
CRITICAL WARNING: [Common 17-55] 'set_property' expects at least one object. [Z:/FPGA/Railway_System/Railway_System_S2/hx75_key_7seg.srcs/constrs_1/imports/DSD/7A75_FPGA_IO.xdc:165]
Resolution: If [get_<value>] was used to populate the object, check to make sure this command returns at least one valid object.
WARNING: [Vivado 12-584] No ports matched 'P1IO[8]'. [Z:/FPGA/Railway_System/Railway_System_S2/hx75_key_7seg.srcs/constrs_1/imports/DSD/7A75_FPGA_IO.xdc:166]
CRITICAL WARNING: [Common 17-55] 'set_property' expects at least one object. [Z:/FPGA/Railway_System/Railway_System_S2/hx75_key_7seg.srcs/constrs_1/imports/DSD/7A75_FPGA_IO.xdc:166]
Resolution: If [get_<value>] was used to populate the object, check to make sure this command returns at least one valid object.
WARNING: [Vivado 12-584] No ports matched 'P1IO[9]'. [Z:/FPGA/Railway_System/Railway_System_S2/hx75_key_7seg.srcs/constrs_1/imports/DSD/7A75_FPGA_IO.xdc:167]
CRITICAL WARNING: [Common 17-55] 'set_property' expects at least one object. [Z:/FPGA/Railway_System/Railway_System_S2/hx75_key_7seg.srcs/constrs_1/imports/DSD/7A75_FPGA_IO.xdc:167]
Resolution: If [get_<value>] was used to populate the object, check to make sure this command returns at least one valid object.
WARNING: [Vivado 12-584] No ports matched 'P1IO[10]'. [Z:/FPGA/Railway_System/Railway_System_S2/hx75_key_7seg.srcs/constrs_1/imports/DSD/7A75_FPGA_IO.xdc:168]
CRITICAL WARNING: [Common 17-55] 'set_property' expects at least one object. [Z:/FPGA/Railway_System/Railway_System_S2/hx75_key_7seg.srcs/constrs_1/imports/DSD/7A75_FPGA_IO.xdc:168]
Resolution: If [get_<value>] was used to populate the object, check to make sure this command returns at least one valid object.
WARNING: [Vivado 12-584] No ports matched 'P1IO[11]'. [Z:/FPGA/Railway_System/Railway_System_S2/hx75_key_7seg.srcs/constrs_1/imports/DSD/7A75_FPGA_IO.xdc:169]
CRITICAL WARNING: [Common 17-55] 'set_property' expects at least one object. [Z:/FPGA/Railway_System/Railway_System_S2/hx75_key_7seg.srcs/constrs_1/imports/DSD/7A75_FPGA_IO.xdc:169]
Resolution: If [get_<value>] was used to populate the object, check to make sure this command returns at least one valid object.
WARNING: [Vivado 12-584] No ports matched 'P1IO[12]'. [Z:/FPGA/Railway_System/Railway_System_S2/hx75_key_7seg.srcs/constrs_1/imports/DSD/7A75_FPGA_IO.xdc:170]
CRITICAL WARNING: [Common 17-55] 'set_property' expects at least one object. [Z:/FPGA/Railway_System/Railway_System_S2/hx75_key_7seg.srcs/constrs_1/imports/DSD/7A75_FPGA_IO.xdc:170]
Resolution: If [get_<value>] was used to populate the object, check to make sure this command returns at least one valid object.
WARNING: [Vivado 12-584] No ports matched 'P1IO[13]'. [Z:/FPGA/Railway_System/Railway_System_S2/hx75_key_7seg.srcs/constrs_1/imports/DSD/7A75_FPGA_IO.xdc:171]
CRITICAL WARNING: [Common 17-55] 'set_property' expects at least one object. [Z:/FPGA/Railway_System/Railway_System_S2/hx75_key_7seg.srcs/constrs_1/imports/DSD/7A75_FPGA_IO.xdc:171]
Resolution: If [get_<value>] was used to populate the object, check to make sure this command returns at least one valid object.
WARNING: [Vivado 12-584] No ports matched 'P1IO[14]'. [Z:/FPGA/Railway_System/Railway_System_S2/hx75_key_7seg.srcs/constrs_1/imports/DSD/7A75_FPGA_IO.xdc:172]
CRITICAL WARNING: [Common 17-55] 'set_property' expects at least one object. [Z:/FPGA/Railway_System/Railway_System_S2/hx75_key_7seg.srcs/constrs_1/imports/DSD/7A75_FPGA_IO.xdc:172]
Resolution: If [get_<value>] was used to populate the object, check to make sure this command returns at least one valid object.
WARNING: [Vivado 12-584] No ports matched 'P1IO[15]'. [Z:/FPGA/Railway_System/Railway_System_S2/hx75_key_7seg.srcs/constrs_1/imports/DSD/7A75_FPGA_IO.xdc:173]
CRITICAL WARNING: [Common 17-55] 'set_property' expects at least one object. [Z:/FPGA/Railway_System/Railway_System_S2/hx75_key_7seg.srcs/constrs_1/imports/DSD/7A75_FPGA_IO.xdc:173]
Resolution: If [get_<value>] was used to populate the object, check to make sure this command returns at least one valid object.
WARNING: [Vivado 12-584] No ports matched 'P1IO[17]'. [Z:/FPGA/Railway_System/Railway_System_S2/hx75_key_7seg.srcs/constrs_1/imports/DSD/7A75_FPGA_IO.xdc:174]
INFO: [Common 17-14] Message 'Vivado 12-584' appears 100 times and further instances of the messages will be disabled. Use the Tcl command set_msg_config to change the current settings. [Z:/FPGA/Railway_System/Railway_System_S2/hx75_key_7seg.srcs/constrs_1/imports/DSD/7A75_FPGA_IO.xdc:174]
CRITICAL WARNING: [Common 17-55] 'set_property' expects at least one object. [Z:/FPGA/Railway_System/Railway_System_S2/hx75_key_7seg.srcs/constrs_1/imports/DSD/7A75_FPGA_IO.xdc:174]
Resolution: If [get_<value>] was used to populate the object, check to make sure this command returns at least one valid object.
INFO: [Common 17-14] Message 'Common 17-55' appears 100 times and further instances of the messages will be disabled. Use the Tcl command set_msg_config to change the current settings. [Z:/FPGA/Railway_System/Railway_System_S2/hx75_key_7seg.srcs/constrs_1/imports/DSD/7A75_FPGA_IO.xdc:174]
Finished Parsing XDC File [Z:/FPGA/Railway_System/Railway_System_S2/hx75_key_7seg.srcs/constrs_1/imports/DSD/7A75_FPGA_IO.xdc]
INFO: [Opt 31-138] Pushed 0 inverter(s) to 0 load pin(s).
Netlist sorting complete. Time (s): cpu = 00:00:00 ; elapsed = 00:00:00 . Memory (MB): peak = 1032.289 ; gain = 0.000
INFO: [Project 1-111] Unisim Transformation Summary:
No Unisim elements were transformed.

系统找不到指定的路径。
9 Infos, 104 Warnings, 105 Critical Warnings and 0 Errors encountered.
link_design completed successfully
Command: opt_design
Attempting to get a license for feature 'Implementation' and/or device 'xc7a75t'
INFO: [Common 17-349] Got license for feature 'Implementation' and/or device 'xc7a75t'
Running DRC as a precondition to command opt_design

Starting DRC Task
INFO: [DRC 23-27] Running DRC with 2 threads
ERROR: [DRC MDRV-1] Multiple Driver Nets: Net U7/Q[0] has multiple drivers: U7/pay_hand_coin_reg[0]__0/Q, and U7/pay_hand_coin_reg[0]/Q.
ERROR: [DRC MDRV-1] Multiple Driver Nets: Net U7/Q[10] has multiple drivers: U7/pay_hand_coin_reg[10]__0/Q, and U7/pay_hand_coin_reg[10]/Q.
ERROR: [DRC MDRV-1] Multiple Driver Nets: Net U7/Q[11] has multiple drivers: U7/pay_hand_coin_reg[11]/Q, and U7/pay_hand_coin_reg[11]__0/Q.
ERROR: [DRC MDRV-1] Multiple Driver Nets: Net U7/Q[12] has multiple drivers: U7/pay_hand_coin_reg[12]/Q, and U7/pay_hand_coin_reg[12]__0/Q.
ERROR: [DRC MDRV-1] Multiple Driver Nets: Net U7/Q[13] has multiple drivers: U7/pay_hand_coin_reg[13]__0/Q, and U7/pay_hand_coin_reg[13]/Q.
ERROR: [DRC MDRV-1] Multiple Driver Nets: Net U7/Q[1] has multiple drivers: U7/pay_hand_coin_reg[1]__0/Q, and U7/pay_hand_coin_reg[1]/Q.
ERROR: [DRC MDRV-1] Multiple Driver Nets: Net U7/Q[2] has multiple drivers: U7/pay_hand_coin_reg[2]__0/Q, and U7/pay_hand_coin_reg[2]/Q.
ERROR: [DRC MDRV-1] Multiple Driver Nets: Net U7/Q[3] has multiple drivers: U7/pay_hand_coin_reg[3]/Q, and U7/pay_hand_coin_reg[3]__0/Q.
ERROR: [DRC MDRV-1] Multiple Driver Nets: Net U7/Q[4] has multiple drivers: U7/pay_hand_coin_reg[4]/Q, and U7/pay_hand_coin_reg[4]__0/Q.
ERROR: [DRC MDRV-1] Multiple Driver Nets: Net U7/Q[5] has multiple drivers: U7/pay_hand_coin_reg[5]__0/Q, and U7/pay_hand_coin_reg[5]/Q.
ERROR: [DRC MDRV-1] Multiple Driver Nets: Net U7/Q[6] has multiple drivers: U7/pay_hand_coin_reg[6]__0/Q, and U7/pay_hand_coin_reg[6]/Q.
ERROR: [DRC MDRV-1] Multiple Driver Nets: Net U7/Q[7] has multiple drivers: U7/pay_hand_coin_reg[7]/Q, and U7/pay_hand_coin_reg[7]__0/Q.
ERROR: [DRC MDRV-1] Multiple Driver Nets: Net U7/Q[8] has multiple drivers: U7/pay_hand_coin_reg[8]/Q, and U7/pay_hand_coin_reg[8]__0/Q.
ERROR: [DRC MDRV-1] Multiple Driver Nets: Net U7/Q[9] has multiple drivers: U7/pay_hand_coin_reg[9]__0/Q, and U7/pay_hand_coin_reg[9]/Q.
ERROR: [DRC MDRV-1] Multiple Driver Nets: Net U7/UNCONN_OUT[0] has multiple drivers: U2/end_station_value_reg/P[0], U2/price_hand_value_reg/P[0], U2/start_station_value_reg/P[0], U2/ticket_hand_value_reg/P[0], U4/price_reg[0]/Q, and U7/start_station_value_reg[0]/Q.
ERROR: [DRC MDRV-1] Multiple Driver Nets: Net U7/UNCONN_OUT[1] has multiple drivers: U2/end_station_value_reg/P[1], U2/price_hand_value_reg/P[1], U2/start_station_value_reg/P[1], U2/ticket_hand_value_reg/P[1], U4/price_reg[1]/Q, and U7/start_station_value_reg[1]/Q.
ERROR: [DRC MDRV-1] Multiple Driver Nets: Net U7/UNCONN_OUT[2] has multiple drivers: U2/end_station_value_reg/P[2], U2/price_hand_value_reg/P[2], U2/start_station_value_reg/P[2], U2/ticket_hand_value_reg/P[2], U4/price_reg[2]/Q, and U7/start_station_value_reg[2]/Q.
ERROR: [DRC MDRV-1] Multiple Driver Nets: Net U7/UNCONN_OUT_0[0] has multiple drivers: U7/ticket_num_reg[0]/Q, and U7/ticket_num_reg[0]__0/Q.
ERROR: [DRC MDRV-1] Multiple Driver Nets: Net U7/UNCONN_OUT_0[1] has multiple drivers: U7/ticket_num_reg[1]__0/Q, and U7/ticket_num_reg[1]/Q.
ERROR: [DRC MDRV-1] Multiple Driver Nets: Net U7/UNCONN_OUT_0[2] has multiple drivers: U7/ticket_num_reg[2]/Q, and U7/ticket_num_reg[2]__0/Q.
ERROR: [DRC MDRV-1] Multiple Driver Nets: Net U7/UNCONN_OUT_0[3] has multiple drivers: U7/ticket_num_reg[3]__0/Q, and U7/ticket_num_reg[3]/Q.
ERROR: [DRC MDRV-1] Multiple Driver Nets: Net U7/UNCONN_OUT_1[0] has multiple drivers: U7/pay_auto_coin_reg[0]/Q, and U7/pay_auto_coin_reg[0]__0/Q.
ERROR: [DRC MDRV-1] Multiple Driver Nets: Net U7/UNCONN_OUT_1[1] has multiple drivers: U7/pay_auto_coin_reg[1]__0/Q, and U7/pay_auto_coin_reg[1]/Q.
ERROR: [DRC MDRV-1] Multiple Driver Nets: Net U7/UNCONN_OUT_1[2] has multiple drivers: U7/pay_auto_coin_reg[2]__0/Q, and U7/pay_auto_coin_reg[2]/Q.
ERROR: [DRC MDRV-1] Multiple Driver Nets: Net U7/UNCONN_OUT_1[3] has multiple drivers: U7/pay_auto_coin_reg[3]/Q, and U7/pay_auto_coin_reg[3]__0/Q.
ERROR: [DRC MDRV-1] Multiple Driver Nets: Net U7/UNCONN_OUT_1[4] has multiple drivers: U7/pay_auto_coin_reg[4]/Q, and U7/pay_auto_coin_reg[4]__0/Q.
ERROR: [DRC MDRV-1] Multiple Driver Nets: Net U7/UNCONN_OUT_1[5] has multiple drivers: U7/pay_auto_coin_reg[5]/Q, and U7/pay_auto_coin_reg[5]__0/Q.
ERROR: [DRC MDRV-1] Multiple Driver Nets: Net U7/UNCONN_OUT_1[6] has multiple drivers: U7/pay_auto_coin_reg[6]__0/Q, and U7/pay_auto_coin_reg[6]/Q.
ERROR: [DRC MDRV-1] Multiple Driver Nets: Net U7/UNCONN_OUT_1[7] has multiple drivers: U7/pay_auto_coin_reg[7]__0/Q, and U7/pay_auto_coin_reg[7]/Q.
ERROR: [DRC MDRV-1] Multiple Driver Nets: Net U8/out[0] has multiple drivers: U8/pay_auto_bill_reg[1]/Q, U8/pay_hand_bill_reg[1]/Q, and U7/pay_auto_bill_reg[1]/Q.
ERROR: [DRC MDRV-1] Multiple Driver Nets: Net U8/out[10] has multiple drivers: U8/pay_auto_bill_reg[11]/Q, U8/pay_hand_bill_reg[11]/Q, and U7/pay_auto_bill_reg[11]/Q.
ERROR: [DRC MDRV-1] Multiple Driver Nets: Net U8/out[11] has multiple drivers: U8/pay_auto_bill_reg[12]/Q, U8/pay_hand_bill_reg[12]/Q, and U7/pay_auto_bill_reg[12]/Q.
ERROR: [DRC MDRV-1] Multiple Driver Nets: Net U8/out[12] has multiple drivers: U8/pay_auto_bill_reg[13]/Q, U8/pay_hand_bill_reg[13]/Q, and U7/pay_auto_bill_reg[13]/Q.
ERROR: [DRC MDRV-1] Multiple Driver Nets: Net U8/out[1] has multiple drivers: U8/pay_auto_bill_reg[2]/Q, U8/pay_hand_bill_reg[2]/Q, and U7/pay_auto_bill_reg[2]/Q.
ERROR: [DRC MDRV-1] Multiple Driver Nets: Net U8/out[2] has multiple drivers: U8/pay_auto_bill_reg[3]/Q, U8/pay_hand_bill_reg[3]/Q, and U7/pay_auto_bill_reg[3]/Q.
ERROR: [DRC MDRV-1] Multiple Driver Nets: Net U8/out[3] has multiple drivers: U8/pay_auto_bill_reg[4]/Q, U8/pay_hand_bill_reg[4]/Q, and U7/pay_auto_bill_reg[4]/Q.
ERROR: [DRC MDRV-1] Multiple Driver Nets: Net U8/out[4] has multiple drivers: U8/pay_auto_bill_reg[5]/Q, U8/pay_hand_bill_reg[5]/Q, and U7/pay_auto_bill_reg[5]/Q.
ERROR: [DRC MDRV-1] Multiple Driver Nets: Net U8/out[5] has multiple drivers: U8/pay_auto_bill_reg[6]/Q, U8/pay_hand_bill_reg[6]/Q, and U7/pay_auto_bill_reg[6]/Q.
ERROR: [DRC MDRV-1] Multiple Driver Nets: Net U8/out[6] has multiple drivers: U8/pay_auto_bill_reg[7]/Q, U8/pay_hand_bill_reg[7]/Q, and U7/pay_auto_bill_reg[7]/Q.
ERROR: [DRC MDRV-1] Multiple Driver Nets: Net U8/out[7] has multiple drivers: U8/pay_auto_bill_reg[8]/Q, U8/pay_hand_bill_reg[8]/Q, and U7/pay_auto_bill_reg[8]/Q.
ERROR: [DRC MDRV-1] Multiple Driver Nets: Net U8/out[8] has multiple drivers: U8/pay_auto_bill_reg[9]/Q, U8/pay_hand_bill_reg[9]/Q, and U7/pay_auto_bill_reg[9]/Q.
ERROR: [DRC MDRV-1] Multiple Driver Nets: Net U8/out[9] has multiple drivers: U8/pay_auto_bill_reg[10]/Q, U8/pay_hand_bill_reg[10]/Q, and U7/pay_auto_bill_reg[10]/Q.
INFO: [Project 1-461] DRC finished with 42 Errors
INFO: [Project 1-462] Please refer to the DRC report (report_drc) for more information.
ERROR: [Vivado_Tcl 4-78] Error(s) found during DRC. Opt_design not run.

Time (s): cpu = 00:00:01 ; elapsed = 00:00:00.587 . Memory (MB): peak = 1055.824 ; gain = 23.535
INFO: [Common 17-83] Releasing license: Implementation
14 Infos, 104 Warnings, 105 Critical Warnings and 43 Errors encountered.
opt_design failed
ERROR: [Common 17-39] 'opt_design' failed due to earlier errors.

INFO: [Common 17-206] Exiting Vivado at Fri Sep 13 00:08:33 2024...
